[11:24:06] [main/INFO]: Loading Minecraft 1.21.1 with Fabric Loader 0.16.14
[11:24:06] [main/INFO]: Loading 4 mods:
	- fabricloader 0.16.14
	   \-- mixinextras 0.4.1
	- java 21
	- minecraft 1.21.1
[11:24:06] [main/INFO]: SpongePowered MIXIN Subsystem Version=0.8.7 Source=file:/workspaces/Server_Fisicos/servidor_minecraft/libraries/net/fabricmc/sponge-mixin/0.15.5+mixin.0.8.7/sponge-mixin-0.15.5+mixin.0.8.7.jar Service=Knot/Fabric Env=SERVER
[11:24:12] [main/INFO]: Environment: Environment[sessionHost=https://sessionserver.mojang.com, servicesHost=https://api.minecraftservices.com, name=PROD]
[11:24:13] [main/INFO]: Loaded 1290 recipes
[11:24:14] [main/INFO]: Loaded 1399 advancements
[11:24:14] [Server thread/INFO]: Starting minecraft server version 1.21.1
[11:24:14] [Server thread/INFO]: Loading properties
[11:24:14] [Server thread/INFO]: Default game type: SURVIVAL
[11:24:14] [Server thread/INFO]: Generating keypair
[11:24:14] [Server thread/INFO]: Starting Minecraft server on *:25565
[11:24:14] [Server thread/INFO]: Using epoll channel type
[11:24:14] [Server thread/WARN]: **** SERVER IS RUNNING IN OFFLINE/INSECURE MODE!
[11:24:14] [Server thread/WARN]: The server will make no attempt to authenticate usernames. Beware.
[11:24:14] [Server thread/WARN]: While this makes the game possible to play without internet access, it also opens up the ability for hackers to connect with any username they choose.
[11:24:14] [Server thread/WARN]: To change this, set "online-mode" to "true" in the server.properties file.
[11:24:14] [Server thread/INFO]: Preparing level "world"
[11:24:17] [Server thread/INFO]: Preparing start region for dimension minecraft:overworld
[11:24:17] [Worker-Main-2/INFO]: Preparing spawn area: 0%
[11:24:17] [Worker-Main-2/INFO]: Preparing spawn area: 0%
[11:24:18] [Server thread/INFO]: Time elapsed: 717 ms
[11:24:18] [Server thread/INFO]: Done (3.206s)! For help, type "help"
[11:24:47] [Server thread/INFO]: Stopping the server
[11:24:47] [Server thread/INFO]: Stopping server
[11:24:47] [Server thread/INFO]: Saving players
[11:24:47] [Server thread/INFO]: Saving worlds
[11:24:47] [Server thread/INFO]: Saving chunks for level 'ServerLevel[world]'/minecraft:overworld
[11:24:47] [Server thread/INFO]: Saving chunks for level 'ServerLevel[world]'/minecraft:the_end
[11:24:47] [Server thread/INFO]: Saving chunks for level 'ServerLevel[world]'/minecraft:the_nether
[11:24:47] [Server thread/INFO]: ThreadedAnvilChunkStorage (world): All chunks are saved
[11:24:47] [Server thread/INFO]: ThreadedAnvilChunkStorage (DIM1): All chunks are saved
[11:24:47] [Server thread/INFO]: ThreadedAnvilChunkStorage (DIM-1): All chunks are saved
[11:24:47] [Server thread/INFO]: ThreadedAnvilChunkStorage: All dimensions are saved
