[18:03:52] [main/INFO] ========================================
[18:03:52] [main/INFO] Minecraft: 1.21.5
[18:03:52] [main/INFO] Side: server
[18:03:52] [main/INFO] Development: false
[18:03:52] [main/INFO] Version: 19.0.809
[18:03:52] [main/INFO] Loader:
[18:03:52] [main/INFO] - Fabric: 0.16.14
[18:03:52] [main/INFO] - Fabric API: 0.128.2+1.21.5
[18:03:52] [main/INFO] Dependencies:
[18:03:52] [main/INFO] - Cloth Config: 18.0.145
[18:03:52] [main/INFO] - Architectury: 16.1.4
[18:03:52] [main/INFO] Mixin: 0.8.7
[18:03:52] [main/INFO] OS: Linux 6.8.0-1030-azure (amd64)
[18:03:52] [main/INFO] Java: 21.0.8 (Ubuntu)
[18:03:52] [main/INFO] ========================================
[18:03:52] [main/INFO] Mods:
[18:03:52] [main/INFO] - actuallyharvest: 1.1.3.1
[18:03:52] [main/INFO] - advancednetherite: 2.3.0-1.21.5
[18:03:52] [main/INFO] - appleskin: 3.0.6+mc1.21.5
[18:03:52] [main/INFO] - architectury: 16.1.4
[18:03:52] [main/INFO] - armored-elytra: 1.6.0
[18:03:52] [main/INFO] - badpackets: 0.8.2
[18:03:52] [main/INFO] - balm: 21.5.21
[18:03:52] [main/INFO] - betterendcitiesvanilla: 1.21.5-1.0.0
[18:03:52] [main/INFO] - bil: 1.3.1+1.21.5
[18:03:52] [main/INFO] - biolith: 3.3.1
[18:03:52] [main/INFO] - biomesoplenty: 21.4.0.61
[18:03:52] [main/INFO] - blue_endless_jankson: 1.2.3
[18:03:52] [main/INFO] - cardinal-components-base: 6.3.1
[18:03:52] [main/INFO] - cardinal-components-entity: 6.3.1
[18:03:52] [main/INFO] - carryon: 2.4.0
[18:03:52] [main/INFO] - cavernousremastered_v2_2_2__1_21_5_: 1.0.0
[18:03:52] [main/INFO] - chococraft: 0.13.0
[18:03:52] [main/INFO] - cicada: 0.14.2+1.21.5
[18:03:52] [main/INFO] - cinderscapes: 5.3.1
[18:03:52] [main/INFO] - cinderscapes-common: 5.3.1
[18:03:52] [main/INFO] - cinderscapes-worldgen: 5.3.1
[18:03:52] [main/INFO] - cloth-basic-math: 0.6.1
[18:03:52] [main/INFO] - cloth-config: 18.0.145
[18:03:52] [main/INFO] - cloth-config: 18.0.145
[18:03:52] [main/INFO] - clumps: 23.0.0.1
[18:03:52] [main/INFO] - codec-config-api: 3.0.2+1.21.4
[18:03:52] [main/INFO] - collective: 8.3
[18:03:52] [main/INFO] - com_electronwill_night-config_core: 3.8.1
[18:03:52] [main/INFO] - com_electronwill_night-config_toml: 3.8.1
[18:03:52] [main/INFO] - com_twelvemonkeys_common_common-image: 3.12.0
[18:03:52] [main/INFO] - com_twelvemonkeys_common_common-io: 3.12.0
[18:03:52] [main/INFO] - com_twelvemonkeys_common_common-lang: 3.12.0
[18:03:52] [main/INFO] - com_twelvemonkeys_imageio_imageio-core: 3.12.0
[18:03:52] [main/INFO] - com_twelvemonkeys_imageio_imageio-metadata: 3.12.0
[18:03:52] [main/INFO] - com_twelvemonkeys_imageio_imageio-webp: 3.12.0
[18:03:52] [main/INFO] - comforts: 11.0.0+1.21.5
[18:03:52] [main/INFO] - common-protection-api: 1.0.0
[18:03:52] [main/INFO] - configlibtxf: 10.2.8-fabric
[18:03:52] [main/INFO] - dimensionleveldata: 0.1.0-1.21.5
[18:03:52] [main/INFO] - dimensionviewer: 2.1.0
[18:03:52] [main/INFO] - do_a_barrel_roll: 3.8.1
[18:03:52] [main/INFO] - easymagic: 21.5.0
[18:03:52] [main/INFO] - elevatorid: 1.21.5-1.14
[18:03:52] [main/INFO] - enchantinginfuser: 21.5.0
[18:03:52] [main/INFO] - error_notifier: 1.0.11
[18:03:52] [main/INFO] - exlinecopperequipment: 3.2.5
[18:03:52] [main/INFO] - fabric-api: 0.128.2+1.21.5
[18:03:52] [main/INFO] - fabric-api: 0.128.2+1.21.5
[18:03:52] [main/INFO] - fabric-api-base: 0.4.62+73a52b4b49
[18:03:52] [main/INFO] - fabric-api-lookup-api-v1: 1.6.96+86c3a9f149
[18:03:52] [main/INFO] - fabric-biome-api-v1: 16.0.7+2dd063df49
[18:03:52] [main/INFO] - fabric-block-api-v1: 1.1.0+ed91556f49
[18:03:52] [main/INFO] - fabric-block-view-api-v2: 1.0.26+aa6d566c49
[18:03:52] [main/INFO] - fabric-command-api-v1: 1.2.70+f71b366f49
[18:03:52] [main/INFO] - fabric-command-api-v2: 2.2.49+73a52b4b49
[18:03:52] [main/INFO] - fabric-commands-v0: 0.2.87+df3654b349
[18:03:52] [main/INFO] - fabric-content-registries-v0: 10.0.14+3e6c1f7d49
[18:03:52] [main/INFO] - fabric-convention-tags-v1: 2.1.33+7f945d5b49
[18:03:52] [main/INFO] - fabric-convention-tags-v2: 2.15.2+6d9989f349
[18:03:52] [main/INFO] - fabric-crash-report-info-v1: 0.3.12+86c3a9f149
[18:03:52] [main/INFO] - fabric-data-attachment-api-v1: 1.8.5+6d9989f349
[18:03:52] [main/INFO] - fabric-data-generation-api-v1: 22.5.2+a0fab30c49
[18:03:52] [main/INFO] - fabric-dimensions-v1: 4.0.17+3e6c1f7d49
[18:03:52] [main/INFO] - fabric-entity-events-v1: 2.1.0+3ce7866349
[18:03:52] [main/INFO] - fabric-events-interaction-v0: 4.0.15+64e3057949
[18:03:52] [main/INFO] - fabric-game-rule-api-v1: 1.0.70+c327076a49
[18:03:52] [main/INFO] - fabric-item-api-v1: 11.5.0+0620fe4749
[18:03:52] [main/INFO] - fabric-item-group-api-v1: 4.2.9+3459fc6149
[18:03:52] [main/INFO] - fabric-language-kotlin: 1.13.5+kotlin.2.2.10
[18:03:52] [main/INFO] - fabric-lifecycle-events-v1: 2.6.0+230071a049
[18:03:52] [main/INFO] - fabric-loot-api-v2: 3.0.48+3f89f5a549
[18:03:52] [main/INFO] - fabric-loot-api-v3: 1.0.36+86c3a9f149
[18:03:52] [main/INFO] - fabric-message-api-v1: 6.1.0+fe971bba49
[18:03:52] [main/INFO] - fabric-networking-api-v1: 4.5.0+775be32c49
[18:03:52] [main/INFO] - fabric-object-builder-api-v1: 21.1.2+b8d6ba7049
[18:03:52] [main/INFO] - fabric-particles-v1: 4.1.2+112e550e49
[18:03:52] [main/INFO] - fabric-permissions-api-v0: 0.2-SNAPSHOT
[18:03:52] [main/INFO] - fabric-recipe-api-v1: 8.1.8+3235ab3249
[18:03:52] [main/INFO] - fabric-registry-sync-v0: 6.1.22+cd64004349
[18:03:52] [main/INFO] - fabric-rendering-data-attachment-v1: 0.3.64+73761d2e49
[18:03:52] [main/INFO] - fabric-rendering-fluids-v1: 3.1.27+86c3a9f149
[18:03:52] [main/INFO] - fabric-resource-conditions-api-v1: 5.0.21+73a52b4b49
[18:03:52] [main/INFO] - fabric-resource-loader-v0: 3.1.7+847e5f5c49
[18:03:52] [main/INFO] - fabric-screen-handler-api-v1: 1.3.129+c327076a49
[18:03:52] [main/INFO] - fabric-tag-api-v1: 1.0.17+ecf51cdc49
[18:03:52] [main/INFO] - fabric-transfer-api-v1: 5.4.24+7b20cbb049
[18:03:52] [main/INFO] - fabric-transitive-access-wideners-v1: 6.3.17+f17a180c49
[18:03:52] [main/INFO] - fabricloader: 0.16.14
[18:03:52] [main/INFO] - factorytools: 0.6.1+1.21.5
[18:03:52] [main/INFO] - fallingtree: 1.21.5.12
[18:03:52] [main/INFO] - farmersdelight: 1.21.5-3.2.4+refabricated
[18:03:52] [main/INFO] - fishontheline: 3.5
[18:03:52] [main/INFO] - forgeconfigapiport: 21.5.1
[18:03:52] [main/INFO] - framework: 0.11.5
[18:03:52] [main/INFO] - geckolib: 5.1.0
[18:03:52] [main/INFO] - glitchcore: 2.5.0.1
[18:03:52] [main/INFO] - goblintraders: 1.11.1
[18:03:52] [main/INFO] - gravestones: 1.1.0
[18:03:52] [main/INFO] - grindenchantments: 4.0.1+1.21.5
[18:03:52] [main/INFO] - hopobetterruinedportal: 1.4.6
[18:03:52] [main/INFO] - illagerinvasion: 21.5.3
[18:03:52] [main/INFO] - io_netty_netty-codec-http: 4.1.82
[18:03:52] [main/INFO] - io_wispforest_endec: 0.1.9
[18:03:52] [main/INFO] - io_wispforest_endec_gson: 0.1.6
[18:03:52] [main/INFO] - io_wispforest_endec_jankson: 0.1.6
[18:03:52] [main/INFO] - io_wispforest_endec_netty: 0.1.5
[18:03:52] [main/INFO] - jade: 18.2.0+fabric
[18:03:52] [main/INFO] - jamlib: 1.3.5+1.21.5
[18:03:52] [main/INFO] - java: 21
[18:03:52] [main/INFO] - justhammers: 21.5.1
[18:03:52] [main/INFO] - keybindfixtxf: 1.1.1
[18:03:52] [main/INFO] - kuma_api: 21.5.2
[18:03:52] [main/INFO] - lithium: 0.16.3+mc1.21.5
[18:03:52] [main/INFO] - lithostitched: 1.4.8
[18:03:52] [main/INFO] - magicmod: 1.0.0
[18:03:52] [main/INFO] - map-canvas-api: 0.5.0+1.21.3
[18:03:52] [main/INFO] - mcwfences: 1.2.0
[18:03:52] [main/INFO] - mcwpaintings: 1.0.5
[18:03:52] [main/INFO] - medieval_buildings: 1.1.0
[18:03:52] [main/INFO] - medievalend: 1.0.2
[18:03:52] [main/INFO] - mes: 1.4.4-1.21.5-6-fabric
[18:03:52] [main/INFO] - midnightlib: 1.7.3
[18:03:52] [main/INFO] - minecraft: 1.21.5
[18:03:52] [main/INFO] - mixinextras: 0.4.1
[18:03:52] [main/INFO] - mixinsquared: 0.1.2-beta.4
[18:03:52] [main/INFO] - mixson: 1.3.1.1
[18:03:52] [main/INFO] - mm: 2.3
[18:03:52] [main/INFO] - monsters_in_the_closet: 1.0.3+1.21.2
[18:03:52] [main/INFO] - mr_builders_wand: 1.21.5
[18:03:52] [main/INFO] - mr_deadly_deadlydungeon: 1.0.5
[18:03:52] [main/INFO] - mr_dungeons_andtaverns: 1-v4.7.3
[18:03:52] [main/INFO] - mr_katters_structuresonlydungeon: 2.2.3
[18:03:52] [main/INFO] - mr_mob_heads: 1-v.3.4.4
[18:03:52] [main/INFO] - mr_mr_chibismmo_dungeons: 1.21.5.1
[18:03:52] [main/INFO] - mss: 1.3.6-1.21.5-6-fabric
[18:03:52] [main/INFO] - naturescompass: 1.21.5-2.2.8-fabric
[18:03:52] [main/INFO] - neoforgedatapackextensions: 21.5.0
[18:03:52] [main/INFO] - net_jodah_typetools: 0.6.3
[18:03:52] [main/INFO] - netherportalfix: 21.5.1
[18:03:52] [main/INFO] - oreharvester: 1.5
[18:03:52] [main/INFO] - org_javassist_javassist: 3.29.2-GA
[18:03:52] [main/INFO] - org_jetbrains_kotlin_kotlin-reflect: 2.2.10
[18:03:52] [main/INFO] - org_jetbrains_kotlin_kotlin-stdlib: 2.2.10
[18:03:52] [main/INFO] - org_jetbrains_kotlin_kotlin-stdlib-jdk7: 2.2.10
[18:03:52] [main/INFO] - org_jetbrains_kotlin_kotlin-stdlib-jdk8: 2.2.10
[18:03:52] [main/INFO] - org_jetbrains_kotlinx_atomicfu-jvm: 0.29.0
[18:03:52] [main/INFO] - org_jetbrains_kotlinx_kotlinx-coroutines-core-jvm: 1.10.2
[18:03:52] [main/INFO] - org_jetbrains_kotlinx_kotlinx-coroutines-jdk8: 1.10.2
[18:03:52] [main/INFO] - org_jetbrains_kotlinx_kotlinx-datetime-jvm: 0.7.1
[18:03:52] [main/INFO] - org_jetbrains_kotlinx_kotlinx-io-bytestring-jvm: 0.8.0
[18:03:52] [main/INFO] - org_jetbrains_kotlinx_kotlinx-io-core-jvm: 0.8.0
[18:03:52] [main/INFO] - org_jetbrains_kotlinx_kotlinx-serialization-cbor-jvm: 1.9.0
[18:03:52] [main/INFO] - org_jetbrains_kotlinx_kotlinx-serialization-core-jvm: 1.9.0
[18:03:52] [main/INFO] - org_jetbrains_kotlinx_kotlinx-serialization-json-jvm: 1.9.0
[18:03:52] [main/INFO] - org_quiltmc_parsers_gson: 0.2.1
[18:03:52] [main/INFO] - org_quiltmc_parsers_json: 0.2.1
[18:03:52] [main/INFO] - org_reflections_reflections: 0.10.2
[18:03:52] [main/INFO] - org_yaml_snakeyaml: 2.2
[18:03:52] [main/INFO] - owo: 0.12.21+1.21.5
[18:03:52] [main/INFO] - packet_tweaker: 0.6.0-pre.1+1.21.2-pre3
[18:03:52] [main/INFO] - pneumonocore: 1.1.12
[18:03:52] [main/INFO] - polydecorations: 0.7.4+1.21.5
[18:03:52] [main/INFO] - polymer-autohost: 0.12.6+1.21.5
[18:03:52] [main/INFO] - polymer-blocks: 0.12.6+1.21.5
[18:03:52] [main/INFO] - polymer-bundled: 0.12.6+1.21.5
[18:03:52] [main/INFO] - polymer-common: 0.12.6+1.21.5
[18:03:52] [main/INFO] - polymer-core: 0.12.6+1.21.5
[18:03:52] [main/INFO] - polymer-networking: 0.12.6+1.21.5
[18:03:52] [main/INFO] - polymer-registry-sync-manipulator: 0.12.6+1.21.5
[18:03:52] [main/INFO] - polymer-resource-pack: 0.12.6+1.21.5
[18:03:52] [main/INFO] - polymer-resource-pack-extras: 0.12.6+1.21.5
[18:03:52] [main/INFO] - polymer-sound-patcher: 0.12.6+1.21.5
[18:03:52] [main/INFO] - polymer-virtual-entity: 0.12.6+1.21.5
[18:03:52] [main/INFO] - primitive_multipart_entities: 1.1.1-1.21.5
[18:03:52] [main/INFO] - puffish_skills: 0.16.5
[18:03:52] [main/INFO] - puzzleslib: 21.5.12
[18:03:52] [main/INFO] - refurbished_furniture: 1.0.16
[18:03:52] [main/INFO] - repurposed_structures: 7.5.19+1.21.5-fabric
[18:03:52] [main/INFO] - rightclickharvest: 4.5.3+1.21.5
[18:03:52] [main/INFO] - roguelike: 2.1.0-1.21.5-fabric
[18:03:52] [main/INFO] - roughlyenoughitems: 19.0.809
[18:03:52] [main/INFO] - sgui: 1.9.0+1.21.5
[18:03:52] [main/INFO] - shulkerboxtooltip: 5.2.6+1.21.5
[18:03:52] [main/INFO] - skinlayers3d: 1.9.0
[18:03:52] [main/INFO] - smelterhedgehog: 1.2.0-1.21.4
[18:03:52] [main/INFO] - spectrelib: 0.17.2+1.21
[18:03:52] [main/INFO] - stackrefill: 4.9
[18:03:52] [main/INFO] - stardomsdungeons: 1.2.5-1.21.5
[18:03:52] [main/INFO] - tectonic: 3.0.1
[18:03:52] [main/INFO] - terrablender: 5.0.0.1
[18:03:52] [main/INFO] - terraform-biome-remapper-api-v1: 14.0.0
[18:03:52] [main/INFO] - terraform-shapes-api-v1: 14.0.0
[18:03:52] [main/INFO] - terraform-surfaces-api-v1: 14.0.0
[18:03:52] [main/INFO] - terraform-wood-api-v1: 14.0.0
[18:03:52] [main/INFO] - terralith: 2.5.11
[18:03:52] [main/INFO] - thenetherdungeon: 0.2.2-1.21.5
[18:03:52] [main/INFO] - toms_mobs: 2.2.8+1.21.5
[18:03:52] [main/INFO] - transition: 1.0.4
[18:03:52] [main/INFO] - travelersbackpack: 10.5.3
[18:03:52] [main/INFO] - trender: 1.0.6
[18:03:52] [main/INFO] - uselessreptile: 0.10.5-1.21.5
[18:03:52] [main/INFO] - visualworkbench: 21.5.0
[18:03:52] [main/INFO] - waddles: 0.12.1
[18:03:52] [main/INFO] - walljump: 1.21.5-1.3.5-fabric
[18:03:52] [main/INFO] - watching: 1.10.3
[18:03:52] [main/INFO] - waystones: 21.5.10
[18:03:52] [main/INFO] - wthit: 15.0.2
[18:03:52] [main/INFO] - xaerominimap: 25.2.10
[18:03:52] [main/INFO] - xaeroworldmap: 1.39.12
[18:03:52] [main/INFO] - yet_another_config_lib_v3: 3.7.1+1.21.5-fabric
[18:03:52] [main/INFO] ========================================
[18:03:52] [main/INFO] [REI] Registered plugin provider CommonREIPlugin [farmersdelight] for REICommonPlugin
[18:03:52] [main/INFO] [REI] Registered plugin provider DefaultPlugin [roughlyenoughitems] for REICommonPlugin
[18:03:52] [main/INFO] [REI] Registered plugin provider DefaultRuntimePlugin [roughlyenoughitems] for REICommonPlugin
[18:03:52] [main/INFO] [REI] Registered plugin provider FabricFluidAPISupportPlugin for REICommonPlugin
[18:03:54] [main/DEBUG] [REI] Processed 3 tags in 400.3 μs for minecraft:point_of_interest_type
[18:03:54] [main/DEBUG] [REI] Processed 7 tags in 50.20 μs for minecraft:fluid
[18:03:54] [main/DEBUG] [REI] Processed 5 tags in 76.60 μs for minecraft:game_event
[18:03:55] [main/DEBUG] [REI] Processed 790 tags in 2.780 ms for minecraft:item
[18:03:55] [main/DEBUG] [REI] Processed 55 tags in 153.1 μs for minecraft:entity_type
[18:03:55] [main/DEBUG] [REI] Processed 534 tags in 3.403 ms for minecraft:block
[18:03:57] [Worker-Main-3/DEBUG] [REI] Processed 1 tags in 102.8 μs for minecraft:block
[18:03:57] [Worker-Main-3/DEBUG] [REI] Processed 1 tags in 5.320 μs for minecraft:entity_type
[18:04:20] [Server thread/DEBUG] [REI] Starting Reload Plugins of stage null
java.lang.Throwable
	at knot//me.shedaniel.rei.impl.common.plugins.ReloadManagerImpl.reloadPlugins(ReloadManagerImpl.java:110)
	at knot//me.shedaniel.rei.RoughlyEnoughItemsCore.lambda$onInitialize$5(RoughlyEnoughItemsCore.java:157)
	at knot//dev.architectury.event.fabric.EventHandlerImpl.lambda$registerCommon$10(EventHandlerImpl.java:67)
	at knot//net.fabricmc.fabric.api.event.lifecycle.v1.ServerLifecycleEvents.lambda$static$2(ServerLifecycleEvents.java:49)
	at knot//net.minecraft.server.MinecraftServer.handler$zok000$fabric-lifecycle-events-v1$afterSetupServer(MinecraftServer.java:4697)
	at knot//net.minecraft.server.MinecraftServer.method_29741(MinecraftServer.java:675)
	at knot//net.minecraft.server.MinecraftServer.method_29739(MinecraftServer.java:290)
	at java.base/java.lang.Thread.run(Thread.java:1583)
[18:04:20] [Server thread/DEBUG] [REI] ========================================
[18:04:20] [Server thread/DEBUG] [REI] REICommonPlugin starting pre-reload for START.
[18:04:20] [Server thread/DEBUG] [REI] Reloadables (8):
[18:04:20] [Server thread/DEBUG] [REI]  - SlotAccessorRegistryImpl
[18:04:20] [Server thread/DEBUG] [REI]  - EntryTypeRegistryImpl
[18:04:20] [Server thread/DEBUG] [REI]  - EntrySettingsAdapterRegistryImpl
[18:04:20] [Server thread/DEBUG] [REI]  - ItemComparatorRegistryImpl
[18:04:20] [Server thread/DEBUG] [REI]  - FluidComparatorRegistryImpl
[18:04:20] [Server thread/DEBUG] [REI]  - DisplaySerializerRegistryImpl
[18:04:20] [Server thread/DEBUG] [REI]  - ServerDisplayRegistryImpl
[18:04:20] [Server thread/DEBUG] [REI]  - FluidSupportProviderImpl
[18:04:20] [Server thread/DEBUG] [REI] Plugins (4):
[18:04:20] [Server thread/DEBUG] [REI]  - (-100.00) DefaultPlugin of DefaultPlugin [roughlyenoughitems]
[18:04:20] [Server thread/DEBUG] [REI]  - (0.00) FabricFluidAPISupportPlugin
[18:04:20] [Server thread/DEBUG] [REI]  - (0.00) DefaultRuntimePlugin of DefaultRuntimePlugin [roughlyenoughitems]
[18:04:20] [Server thread/DEBUG] [REI]  - (0.00) CommonREIPlugin of CommonREIPlugin [farmersdelight]
[18:04:20] [Server thread/DEBUG] [REI] ========================================
[18:04:20] [Server thread/TRACE] [REI] [REICommonPlugin START] Reloading Section: "pre-register/"
[18:04:20] [Server thread/TRACE] [REI] [REICommonPlugin START] Reloading Section: "pre-register/DefaultPlugin of DefaultPlugin [roughlyenoughitems]/"
[18:04:20] [Server thread/TRACE] [REI] [REICommonPlugin START] Reloading Section: "pre-register/DefaultPlugin of DefaultPlugin [roughlyenoughitems]/" done in 755.6 μs
[18:04:20] [Server thread/TRACE] [REI] [REICommonPlugin START] Reloading Section: "pre-register/FabricFluidAPISupportPlugin/"
[18:04:20] [Server thread/TRACE] [REI] [REICommonPlugin START] Reloading Section: "pre-register/FabricFluidAPISupportPlugin/" done in 47.82 μs
[18:04:20] [Server thread/TRACE] [REI] [REICommonPlugin START] Reloading Section: "pre-register/DefaultRuntimePlugin of DefaultRuntimePlugin [roughlyenoughitems]/"
[18:04:20] [Server thread/TRACE] [REI] [REICommonPlugin START] Reloading Section: "pre-register/DefaultRuntimePlugin of DefaultRuntimePlugin [roughlyenoughitems]/" done in 42.09 μs
[18:04:20] [Server thread/TRACE] [REI] [REICommonPlugin START] Reloading Section: "pre-register/CommonREIPlugin of CommonREIPlugin [farmersdelight]/"
[18:04:20] [Server thread/TRACE] [REI] [REICommonPlugin START] Reloading Section: "pre-register/CommonREIPlugin of CommonREIPlugin [farmersdelight]/" done in 40.44 μs
[18:04:20] [Server thread/TRACE] [REI] [REICommonPlugin START] Reloading Section: "pre-register/" done in 7.071 ms
[18:04:20] [Server thread/TRACE] [REI] [REICommonPlugin START] Reloading Section: "pre-stage/"
[18:04:20] [Server thread/TRACE] [REI] [REICommonPlugin START] Reloading Section: "pre-stage/SlotAccessorRegistryImpl/"
[18:04:20] [Server thread/TRACE] [REI] [REICommonPlugin START] Reloading Section: "pre-stage/SlotAccessorRegistryImpl/" done in 176.1 μs
[18:04:20] [Server thread/TRACE] [REI] [REICommonPlugin START] Reloading Section: "pre-stage/EntryTypeRegistryImpl/"
[18:04:20] [Server thread/TRACE] [REI] [REICommonPlugin START] Reloading Section: "pre-stage/EntryTypeRegistryImpl/" done in 42.29 μs
[18:04:20] [Server thread/TRACE] [REI] [REICommonPlugin START] Reloading Section: "pre-stage/EntrySettingsAdapterRegistryImpl/"
[18:04:20] [Server thread/TRACE] [REI] [REICommonPlugin START] Reloading Section: "pre-stage/EntrySettingsAdapterRegistryImpl/" done in 38.52 μs
[18:04:20] [Server thread/TRACE] [REI] [REICommonPlugin START] Reloading Section: "pre-stage/ItemComparatorRegistryImpl/"
[18:04:20] [Server thread/TRACE] [REI] [REICommonPlugin START] Reloading Section: "pre-stage/ItemComparatorRegistryImpl/" done in 40.62 μs
[18:04:20] [Server thread/TRACE] [REI] [REICommonPlugin START] Reloading Section: "pre-stage/FluidComparatorRegistryImpl/"
[18:04:20] [Server thread/TRACE] [REI] [REICommonPlugin START] Reloading Section: "pre-stage/FluidComparatorRegistryImpl/" done in 38.38 μs
[18:04:20] [Server thread/TRACE] [REI] [REICommonPlugin START] Reloading Section: "pre-stage/DisplaySerializerRegistryImpl/"
[18:04:20] [Server thread/TRACE] [REI] [REICommonPlugin START] Reloading Section: "pre-stage/DisplaySerializerRegistryImpl/" done in 37.95 μs
[18:04:20] [Server thread/TRACE] [REI] [REICommonPlugin START] Reloading Section: "pre-stage/ServerDisplayRegistryImpl/"
[18:04:20] [Server thread/TRACE] [REI] [REICommonPlugin START] Reloading Section: "pre-stage/ServerDisplayRegistryImpl/" done in 59.08 μs
[18:04:20] [Server thread/TRACE] [REI] [REICommonPlugin START] Reloading Section: "pre-stage/FluidSupportProviderImpl/"
[18:04:20] [Server thread/TRACE] [REI] [REICommonPlugin START] Reloading Section: "pre-stage/FluidSupportProviderImpl/" done in 36.42 μs
[18:04:20] [Server thread/TRACE] [REI] [REICommonPlugin START] Reloading Section: "pre-stage/" done in 1.199 ms
[18:04:20] [Server thread/DEBUG] [REI] ========================================
[18:04:20] [Server thread/DEBUG] [REI] REICommonPlugin finished pre-reload for START in 8.817 ms.
[18:04:20] [Server thread/DEBUG] [REI] ========================================
[18:04:20] [Server thread/INFO] [REI] ++++++++++++++++++++++++++++++++++++++++
[18:04:20] [Server thread/INFO] [REI] REICommonPlugin starting main-reload for START.
[18:04:20] [Server thread/DEBUG] [REI] Reloadables (8):
[18:04:20] [Server thread/DEBUG] [REI]  - SlotAccessorRegistryImpl
[18:04:20] [Server thread/DEBUG] [REI]  - EntryTypeRegistryImpl
[18:04:20] [Server thread/DEBUG] [REI]  - EntrySettingsAdapterRegistryImpl
[18:04:20] [Server thread/DEBUG] [REI]  - ItemComparatorRegistryImpl
[18:04:20] [Server thread/DEBUG] [REI]  - FluidComparatorRegistryImpl
[18:04:20] [Server thread/DEBUG] [REI]  - DisplaySerializerRegistryImpl
[18:04:20] [Server thread/DEBUG] [REI]  - ServerDisplayRegistryImpl
[18:04:20] [Server thread/DEBUG] [REI]  - FluidSupportProviderImpl
[18:04:20] [Server thread/INFO] [REI] Plugins (4):
[18:04:20] [Server thread/INFO] [REI]  - (-100.00) DefaultPlugin of DefaultPlugin [roughlyenoughitems]
[18:04:20] [Server thread/INFO] [REI]  - (0.00) FabricFluidAPISupportPlugin
[18:04:20] [Server thread/INFO] [REI]  - (0.00) DefaultRuntimePlugin of DefaultRuntimePlugin [roughlyenoughitems]
[18:04:20] [Server thread/INFO] [REI]  - (0.00) CommonREIPlugin of CommonREIPlugin [farmersdelight]
[18:04:20] [Server thread/INFO] [REI] ++++++++++++++++++++++++++++++++++++++++
[18:04:20] [Server thread/TRACE] [REI] [REICommonPlugin START] Reloading Section: "start-reload/"
[18:04:20] [Server thread/TRACE] [REI] [REICommonPlugin START] Reloading Section: "start-reload/SlotAccessorRegistryImpl/"
[18:04:20] [Server thread/TRACE] [REI] [REICommonPlugin START] Reloading Section: "start-reload/SlotAccessorRegistryImpl/" done in 41.78 μs
[18:04:20] [Server thread/TRACE] [REI] [REICommonPlugin START] Reloading Section: "start-reload/EntryTypeRegistryImpl/"
[18:04:20] [Server thread/TRACE] [REI] [REICommonPlugin START] Reloading Section: "start-reload/EntryTypeRegistryImpl/" done in 48.58 μs
[18:04:20] [Server thread/TRACE] [REI] [REICommonPlugin START] Reloading Section: "start-reload/EntrySettingsAdapterRegistryImpl/"
[18:04:20] [Server thread/TRACE] [REI] [REICommonPlugin START] Reloading Section: "start-reload/EntrySettingsAdapterRegistryImpl/" done in 28.35 μs
[18:04:20] [Server thread/TRACE] [REI] [REICommonPlugin START] Reloading Section: "start-reload/ItemComparatorRegistryImpl/"
[18:04:20] [Server thread/TRACE] [REI] [REICommonPlugin START] Reloading Section: "start-reload/ItemComparatorRegistryImpl/" done in 36.05 μs
[18:04:20] [Server thread/TRACE] [REI] [REICommonPlugin START] Reloading Section: "start-reload/FluidComparatorRegistryImpl/"
[18:04:20] [Server thread/TRACE] [REI] [REICommonPlugin START] Reloading Section: "start-reload/FluidComparatorRegistryImpl/" done in 27.15 μs
[18:04:20] [Server thread/TRACE] [REI] [REICommonPlugin START] Reloading Section: "start-reload/DisplaySerializerRegistryImpl/"
[18:04:20] [Server thread/TRACE] [REI] [REICommonPlugin START] Reloading Section: "start-reload/DisplaySerializerRegistryImpl/" done in 29.10 μs
[18:04:20] [Server thread/TRACE] [REI] [REICommonPlugin START] Reloading Section: "start-reload/ServerDisplayRegistryImpl/"
[18:04:20] [Server thread/TRACE] [REI] [REICommonPlugin START] Reloading Section: "start-reload/ServerDisplayRegistryImpl/" done in 27.21 μs
[18:04:20] [Server thread/TRACE] [REI] [REICommonPlugin START] Reloading Section: "start-reload/FluidSupportProviderImpl/"
[18:04:20] [Server thread/TRACE] [REI] [REICommonPlugin START] Reloading Section: "start-reload/FluidSupportProviderImpl/" done in 31.14 μs
[18:04:20] [Server thread/TRACE] [REI] [REICommonPlugin START] Reloading Section: "start-reload/" done in 834.1 μs
[18:04:20] [Server thread/DEBUG] [REI] ========================================
[18:04:20] [Server thread/DEBUG] [REI] REICommonPlugin started main-reload for START.
[18:04:20] [Server thread/DEBUG] [REI] ========================================
[18:04:20] [Server thread/TRACE] [REI] [REICommonPlugin START] Reloading Section: "reloadable-plugin/SlotAccessorRegistryImpl/"
[18:04:20] [Server thread/TRACE] [REI] [REICommonPlugin START] Reloading Section: "reloadable-plugin/SlotAccessorRegistryImpl/DefaultPlugin of DefaultPlugin [roughlyenoughitems]/"
[18:04:20] [Server thread/TRACE] [REI] [REICommonPlugin START] Reloading Section: "reloadable-plugin/SlotAccessorRegistryImpl/DefaultPlugin of DefaultPlugin [roughlyenoughitems]/" done in 181.2 μs
[18:04:20] [Server thread/TRACE] [REI] [REICommonPlugin START] Reloading Section: "reloadable-plugin/SlotAccessorRegistryImpl/FabricFluidAPISupportPlugin/"
[18:04:20] [Server thread/TRACE] [REI] [REICommonPlugin START] Reloading Section: "reloadable-plugin/SlotAccessorRegistryImpl/FabricFluidAPISupportPlugin/" done in 52.43 μs
[18:04:20] [Server thread/TRACE] [REI] [REICommonPlugin START] Reloading Section: "reloadable-plugin/SlotAccessorRegistryImpl/DefaultRuntimePlugin of DefaultRuntimePlugin [roughlyenoughitems]/"
[18:04:20] [Server thread/TRACE] [REI] [REICommonPlugin START] Reloading Section: "reloadable-plugin/SlotAccessorRegistryImpl/DefaultRuntimePlugin of DefaultRuntimePlugin [roughlyenoughitems]/" done in 65.83 μs
[18:04:20] [Server thread/TRACE] [REI] [REICommonPlugin START] Reloading Section: "reloadable-plugin/SlotAccessorRegistryImpl/CommonREIPlugin of CommonREIPlugin [farmersdelight]/"
[18:04:20] [Server thread/TRACE] [REI] [REICommonPlugin START] Reloading Section: "reloadable-plugin/SlotAccessorRegistryImpl/CommonREIPlugin of CommonREIPlugin [farmersdelight]/" done in 40.54 μs
[18:04:20] [Server thread/TRACE] [REI] [REICommonPlugin START] Reloading Section: "reloadable-plugin/SlotAccessorRegistryImpl/" done in 1.368 ms
[18:04:20] [Server thread/TRACE] [REI] [REICommonPlugin START] Reloading Section: "reloadable-plugin/EntryTypeRegistryImpl/"
[18:04:20] [Server thread/TRACE] [REI] [REICommonPlugin START] Reloading Section: "reloadable-plugin/EntryTypeRegistryImpl/DefaultPlugin of DefaultPlugin [roughlyenoughitems]/"
[18:04:20] [Server thread/TRACE] [REI] [REICommonPlugin START] Reloading Section: "reloadable-plugin/EntryTypeRegistryImpl/DefaultPlugin of DefaultPlugin [roughlyenoughitems]/" done in 37.50 μs
[18:04:20] [Server thread/TRACE] [REI] [REICommonPlugin START] Reloading Section: "reloadable-plugin/EntryTypeRegistryImpl/FabricFluidAPISupportPlugin/"
[18:04:20] [Server thread/TRACE] [REI] [REICommonPlugin START] Reloading Section: "reloadable-plugin/EntryTypeRegistryImpl/FabricFluidAPISupportPlugin/" done in 29.99 μs
[18:04:20] [Server thread/TRACE] [REI] [REICommonPlugin START] Reloading Section: "reloadable-plugin/EntryTypeRegistryImpl/DefaultRuntimePlugin of DefaultRuntimePlugin [roughlyenoughitems]/"
[18:04:20] [Server thread/TRACE] [REI] [REICommonPlugin START] Reloading Section: "reloadable-plugin/EntryTypeRegistryImpl/DefaultRuntimePlugin of DefaultRuntimePlugin [roughlyenoughitems]/" done in 3.950 ms
[18:04:20] [Server thread/TRACE] [REI] [REICommonPlugin START] Reloading Section: "reloadable-plugin/EntryTypeRegistryImpl/CommonREIPlugin of CommonREIPlugin [farmersdelight]/"
[18:04:20] [Server thread/TRACE] [REI] [REICommonPlugin START] Reloading Section: "reloadable-plugin/EntryTypeRegistryImpl/CommonREIPlugin of CommonREIPlugin [farmersdelight]/" done in 32.58 μs
[18:04:20] [Server thread/TRACE] [REI] [REICommonPlugin START] Reloading Section: "reloadable-plugin/EntryTypeRegistryImpl/" done in 4.347 ms
[18:04:20] [Server thread/TRACE] [REI] [REICommonPlugin START] Reloading Section: "reloadable-plugin/EntrySettingsAdapterRegistryImpl/"
[18:04:20] [Server thread/TRACE] [REI] [REICommonPlugin START] Reloading Section: "reloadable-plugin/EntrySettingsAdapterRegistryImpl/DefaultPlugin of DefaultPlugin [roughlyenoughitems]/"
[18:04:20] [Server thread/TRACE] [REI] [REICommonPlugin START] Reloading Section: "reloadable-plugin/EntrySettingsAdapterRegistryImpl/DefaultPlugin of DefaultPlugin [roughlyenoughitems]/" done in 40.37 μs
[18:04:20] [Server thread/TRACE] [REI] [REICommonPlugin START] Reloading Section: "reloadable-plugin/EntrySettingsAdapterRegistryImpl/FabricFluidAPISupportPlugin/"
[18:04:20] [Server thread/TRACE] [REI] [REICommonPlugin START] Reloading Section: "reloadable-plugin/EntrySettingsAdapterRegistryImpl/FabricFluidAPISupportPlugin/" done in 42.44 μs
[18:04:20] [Server thread/TRACE] [REI] [REICommonPlugin START] Reloading Section: "reloadable-plugin/EntrySettingsAdapterRegistryImpl/DefaultRuntimePlugin of DefaultRuntimePlugin [roughlyenoughitems]/"
[18:04:20] [Server thread/TRACE] [REI] [REICommonPlugin START] Reloading Section: "reloadable-plugin/EntrySettingsAdapterRegistryImpl/DefaultRuntimePlugin of DefaultRuntimePlugin [roughlyenoughitems]/" done in 31.99 μs
[18:04:20] [Server thread/TRACE] [REI] [REICommonPlugin START] Reloading Section: "reloadable-plugin/EntrySettingsAdapterRegistryImpl/CommonREIPlugin of CommonREIPlugin [farmersdelight]/"
[18:04:20] [Server thread/TRACE] [REI] [REICommonPlugin START] Reloading Section: "reloadable-plugin/EntrySettingsAdapterRegistryImpl/CommonREIPlugin of CommonREIPlugin [farmersdelight]/" done in 39.20 μs
[18:04:20] [Server thread/TRACE] [REI] [REICommonPlugin START] Reloading Section: "reloadable-plugin/EntrySettingsAdapterRegistryImpl/" done in 530.2 μs
[18:04:20] [Server thread/TRACE] [REI] [REICommonPlugin START] Reloading Section: "reloadable-plugin/ItemComparatorRegistryImpl/"
[18:04:20] [Server thread/TRACE] [REI] [REICommonPlugin START] Reloading Section: "reloadable-plugin/ItemComparatorRegistryImpl/DefaultPlugin of DefaultPlugin [roughlyenoughitems]/"
[18:04:20] [Server thread/TRACE] [REI] [REICommonPlugin START] Reloading Section: "reloadable-plugin/ItemComparatorRegistryImpl/DefaultPlugin of DefaultPlugin [roughlyenoughitems]/" done in 623.9 μs
[18:04:20] [Server thread/TRACE] [REI] [REICommonPlugin START] Reloading Section: "reloadable-plugin/ItemComparatorRegistryImpl/FabricFluidAPISupportPlugin/"
[18:04:20] [Server thread/TRACE] [REI] [REICommonPlugin START] Reloading Section: "reloadable-plugin/ItemComparatorRegistryImpl/FabricFluidAPISupportPlugin/" done in 53.52 μs
[18:04:20] [Server thread/TRACE] [REI] [REICommonPlugin START] Reloading Section: "reloadable-plugin/ItemComparatorRegistryImpl/DefaultRuntimePlugin of DefaultRuntimePlugin [roughlyenoughitems]/"
[18:04:20] [Server thread/TRACE] [REI] [REICommonPlugin START] Reloading Section: "reloadable-plugin/ItemComparatorRegistryImpl/DefaultRuntimePlugin of DefaultRuntimePlugin [roughlyenoughitems]/" done in 38.55 μs
[18:04:20] [Server thread/TRACE] [REI] [REICommonPlugin START] Reloading Section: "reloadable-plugin/ItemComparatorRegistryImpl/CommonREIPlugin of CommonREIPlugin [farmersdelight]/"
[18:04:20] [Server thread/TRACE] [REI] [REICommonPlugin START] Reloading Section: "reloadable-plugin/ItemComparatorRegistryImpl/CommonREIPlugin of CommonREIPlugin [farmersdelight]/" done in 31.78 μs
[18:04:20] [Server thread/TRACE] [REI] [REICommonPlugin START] Reloading Section: "reloadable-plugin/ItemComparatorRegistryImpl/" done in 1.193 ms
[18:04:20] [Server thread/TRACE] [REI] [REICommonPlugin START] Reloading Section: "reloadable-plugin/FluidComparatorRegistryImpl/"
[18:04:20] [Server thread/TRACE] [REI] [REICommonPlugin START] Reloading Section: "reloadable-plugin/FluidComparatorRegistryImpl/DefaultPlugin of DefaultPlugin [roughlyenoughitems]/"
[18:04:20] [Server thread/TRACE] [REI] [REICommonPlugin START] Reloading Section: "reloadable-plugin/FluidComparatorRegistryImpl/DefaultPlugin of DefaultPlugin [roughlyenoughitems]/" done in 37.71 μs
[18:04:20] [Server thread/TRACE] [REI] [REICommonPlugin START] Reloading Section: "reloadable-plugin/FluidComparatorRegistryImpl/FabricFluidAPISupportPlugin/"
[18:04:20] [Server thread/TRACE] [REI] [REICommonPlugin START] Reloading Section: "reloadable-plugin/FluidComparatorRegistryImpl/FabricFluidAPISupportPlugin/" done in 31.07 μs
[18:04:20] [Server thread/TRACE] [REI] [REICommonPlugin START] Reloading Section: "reloadable-plugin/FluidComparatorRegistryImpl/DefaultRuntimePlugin of DefaultRuntimePlugin [roughlyenoughitems]/"
[18:04:20] [Server thread/TRACE] [REI] [REICommonPlugin START] Reloading Section: "reloadable-plugin/FluidComparatorRegistryImpl/DefaultRuntimePlugin of DefaultRuntimePlugin [roughlyenoughitems]/" done in 32.82 μs
[18:04:20] [Server thread/TRACE] [REI] [REICommonPlugin START] Reloading Section: "reloadable-plugin/FluidComparatorRegistryImpl/CommonREIPlugin of CommonREIPlugin [farmersdelight]/"
[18:04:20] [Server thread/TRACE] [REI] [REICommonPlugin START] Reloading Section: "reloadable-plugin/FluidComparatorRegistryImpl/CommonREIPlugin of CommonREIPlugin [farmersdelight]/" done in 30.18 μs
[18:04:20] [Server thread/TRACE] [REI] [REICommonPlugin START] Reloading Section: "reloadable-plugin/FluidComparatorRegistryImpl/" done in 401.4 μs
[18:04:20] [Server thread/TRACE] [REI] [REICommonPlugin START] Reloading Section: "reloadable-plugin/DisplaySerializerRegistryImpl/"
[18:04:20] [Server thread/TRACE] [REI] [REICommonPlugin START] Reloading Section: "reloadable-plugin/DisplaySerializerRegistryImpl/DefaultPlugin of DefaultPlugin [roughlyenoughitems]/"
[18:04:20] [Server thread/DEBUG] [REI] Added display serializer [minecraft:client/crafting/shaped] me.shedaniel.rei.api.common.display.DisplaySerializer$1@77020295
[18:04:20] [Server thread/DEBUG] [REI] Added display serializer [minecraft:client/crafting/shapeless] me.shedaniel.rei.api.common.display.DisplaySerializer$1@1394fca6
[18:04:20] [Server thread/DEBUG] [REI] Added display serializer [minecraft:client/smelting] me.shedaniel.rei.api.common.display.DisplaySerializer$1@2b4a62ca
[18:04:20] [Server thread/DEBUG] [REI] Added display serializer [minecraft:client/smoking] me.shedaniel.rei.api.common.display.DisplaySerializer$1@4242ddbc
[18:04:20] [Server thread/DEBUG] [REI] Added display serializer [minecraft:client/blasting] me.shedaniel.rei.api.common.display.DisplaySerializer$1@425791fd
[18:04:20] [Server thread/DEBUG] [REI] Added display serializer [minecraft:default/crafting/shaped] me.shedaniel.rei.api.common.display.DisplaySerializer$1@5e1ddfe3
[18:04:20] [Server thread/DEBUG] [REI] Added display serializer [minecraft:default/crafting/shapeless] me.shedaniel.rei.api.common.display.DisplaySerializer$1@60652924
[18:04:20] [Server thread/DEBUG] [REI] Added display serializer [minecraft:default/crafting/custom] me.shedaniel.rei.api.common.display.DisplaySerializer$1@236b378b
[18:04:20] [Server thread/DEBUG] [REI] Added display serializer [minecraft:default/crafting/custom_shaped] me.shedaniel.rei.api.common.display.DisplaySerializer$1@3b6d4a2
[18:04:20] [Server thread/DEBUG] [REI] Added display serializer [minecraft:default/crafting/custom_shapeless] me.shedaniel.rei.api.common.display.DisplaySerializer$1@41d3c0cf
[18:04:20] [Server thread/DEBUG] [REI] Added display serializer [minecraft:extension/crafting/map_extending] me.shedaniel.rei.api.common.display.DisplaySerializer$1@2e147245
[18:04:20] [Server thread/DEBUG] [REI] Added display serializer [minecraft:default/smelting] me.shedaniel.rei.api.common.display.DisplaySerializer$1@3e77b325
[18:04:20] [Server thread/DEBUG] [REI] Added display serializer [minecraft:default/smoking] me.shedaniel.rei.api.common.display.DisplaySerializer$1@7d38417c
[18:04:20] [Server thread/DEBUG] [REI] Added display serializer [minecraft:default/blasting] me.shedaniel.rei.api.common.display.DisplaySerializer$1@74306115
[18:04:20] [Server thread/DEBUG] [REI] Added display serializer [minecraft:default/campfire] me.shedaniel.rei.api.common.display.DisplaySerializer$1@35302fcd
[18:04:20] [Server thread/DEBUG] [REI] Added display serializer [minecraft:default/stone_cutting] me.shedaniel.rei.api.common.display.DisplaySerializer$1@de1486c
[18:04:20] [Server thread/DEBUG] [REI] Added display serializer [minecraft:default/stripping] me.shedaniel.rei.api.common.display.DisplaySerializer$1@6f74adf9
[18:04:20] [Server thread/DEBUG] [REI] Added display serializer [minecraft:default/brewing] me.shedaniel.rei.api.common.display.DisplaySerializer$1@68335dc3
[18:04:20] [Server thread/DEBUG] [REI] Added display serializer [minecraft:default/composting] me.shedaniel.rei.api.common.display.DisplaySerializer$1@6414dd83
[18:04:20] [Server thread/DEBUG] [REI] Added display serializer [minecraft:default/fuel] me.shedaniel.rei.api.common.display.DisplaySerializer$1@1f82180d
[18:04:20] [Server thread/DEBUG] [REI] Added display serializer [minecraft:default/smithing] me.shedaniel.rei.api.common.display.DisplaySerializer$1@4576fcc1
[18:04:20] [Server thread/DEBUG] [REI] Added display serializer [minecraft:default/smithing/trimming] me.shedaniel.rei.api.common.display.DisplaySerializer$1@5b1e062b
[18:04:20] [Server thread/DEBUG] [REI] Added display serializer [minecraft:default/anvil] me.shedaniel.rei.api.common.display.DisplaySerializer$1@6c409e55
[18:04:20] [Server thread/DEBUG] [REI] Added display serializer [minecraft:default/beacon_base] me.shedaniel.rei.api.common.display.DisplaySerializer$1@7117b92e
[18:04:20] [Server thread/DEBUG] [REI] Added display serializer [minecraft:default/beacon_payment] me.shedaniel.rei.api.common.display.DisplaySerializer$1@338bed4f
[18:04:20] [Server thread/DEBUG] [REI] Added display serializer [minecraft:default/tilling] me.shedaniel.rei.api.common.display.DisplaySerializer$1@52095b9a
[18:04:20] [Server thread/DEBUG] [REI] Added display serializer [minecraft:default/pathing] me.shedaniel.rei.api.common.display.DisplaySerializer$1@89ff1bd
[18:04:20] [Server thread/DEBUG] [REI] Added display serializer [minecraft:default/waxing] me.shedaniel.rei.api.common.display.DisplaySerializer$1@48e41534
[18:04:20] [Server thread/DEBUG] [REI] Added display serializer [minecraft:default/waxing_scraping] me.shedaniel.rei.api.common.display.DisplaySerializer$1@1ad5be3d
[18:04:20] [Server thread/DEBUG] [REI] Added display serializer [minecraft:default/oxidizing] me.shedaniel.rei.api.common.display.DisplaySerializer$1@28c0e2a3
[18:04:20] [Server thread/DEBUG] [REI] Added display serializer [minecraft:default/oxidizing_scraping] me.shedaniel.rei.api.common.display.DisplaySerializer$1@2590f8ec
[18:04:20] [Server thread/DEBUG] [REI] Added display serializer [roughlyenoughitems:default/information] me.shedaniel.rei.api.common.display.DisplaySerializer$1@3dd5d078
[18:04:20] [Server thread/TRACE] [REI] [REICommonPlugin START] Reloading Section: "reloadable-plugin/DisplaySerializerRegistryImpl/DefaultPlugin of DefaultPlugin [roughlyenoughitems]/" done in 41.30 ms
[18:04:20] [Server thread/TRACE] [REI] [REICommonPlugin START] Reloading Section: "reloadable-plugin/DisplaySerializerRegistryImpl/FabricFluidAPISupportPlugin/"
[18:04:20] [Server thread/TRACE] [REI] [REICommonPlugin START] Reloading Section: "reloadable-plugin/DisplaySerializerRegistryImpl/FabricFluidAPISupportPlugin/" done in 46.66 μs
[18:04:20] [Server thread/TRACE] [REI] [REICommonPlugin START] Reloading Section: "reloadable-plugin/DisplaySerializerRegistryImpl/DefaultRuntimePlugin of DefaultRuntimePlugin [roughlyenoughitems]/"
[18:04:20] [Server thread/TRACE] [REI] [REICommonPlugin START] Reloading Section: "reloadable-plugin/DisplaySerializerRegistryImpl/DefaultRuntimePlugin of DefaultRuntimePlugin [roughlyenoughitems]/" done in 36.90 μs
[18:04:20] [Server thread/TRACE] [REI] [REICommonPlugin START] Reloading Section: "reloadable-plugin/DisplaySerializerRegistryImpl/CommonREIPlugin of CommonREIPlugin [farmersdelight]/"
[18:04:20] [Server thread/DEBUG] [REI] Added display serializer [farmersdelight:default/cooking] me.shedaniel.rei.api.common.display.DisplaySerializer$1@2d22efc
[18:04:20] [Server thread/DEBUG] [REI] Added display serializer [farmersdelight:default/cutting] me.shedaniel.rei.api.common.display.DisplaySerializer$1@7a9ea705
[18:04:20] [Server thread/DEBUG] [REI] Added display serializer [farmersdelight:default/decomposition] me.shedaniel.rei.api.common.display.DisplaySerializer$1@203d14
[18:04:20] [Server thread/TRACE] [REI] [REICommonPlugin START] Reloading Section: "reloadable-plugin/DisplaySerializerRegistryImpl/CommonREIPlugin of CommonREIPlugin [farmersdelight]/" done in 8.210 ms
[18:04:20] [Server thread/TRACE] [REI] [REICommonPlugin START] Reloading Section: "reloadable-plugin/DisplaySerializerRegistryImpl/" done in 50.07 ms
[18:04:20] [Server thread/TRACE] [REI] [REICommonPlugin START] Reloading Section: "reloadable-plugin/ServerDisplayRegistryImpl/"
[18:04:20] [Server thread/TRACE] [REI] [REICommonPlugin START] Reloading Section: "reloadable-plugin/ServerDisplayRegistryImpl/DefaultPlugin of DefaultPlugin [roughlyenoughitems]/"
[18:04:20] [Server thread/TRACE] [REI] [REICommonPlugin START] Reloading Section: "reloadable-plugin/ServerDisplayRegistryImpl/DefaultPlugin of DefaultPlugin [roughlyenoughitems]/" done in 51.12 μs
[18:04:20] [Server thread/TRACE] [REI] [REICommonPlugin START] Reloading Section: "reloadable-plugin/ServerDisplayRegistryImpl/FabricFluidAPISupportPlugin/"
[18:04:20] [Server thread/TRACE] [REI] [REICommonPlugin START] Reloading Section: "reloadable-plugin/ServerDisplayRegistryImpl/FabricFluidAPISupportPlugin/" done in 45.76 μs
[18:04:20] [Server thread/TRACE] [REI] [REICommonPlugin START] Reloading Section: "reloadable-plugin/ServerDisplayRegistryImpl/DefaultRuntimePlugin of DefaultRuntimePlugin [roughlyenoughitems]/"
[18:04:20] [Server thread/TRACE] [REI] [REICommonPlugin START] Reloading Section: "reloadable-plugin/ServerDisplayRegistryImpl/DefaultRuntimePlugin of DefaultRuntimePlugin [roughlyenoughitems]/" done in 47.93 μs
[18:04:20] [Server thread/TRACE] [REI] [REICommonPlugin START] Reloading Section: "reloadable-plugin/ServerDisplayRegistryImpl/CommonREIPlugin of CommonREIPlugin [farmersdelight]/"
[18:04:20] [Server thread/TRACE] [REI] [REICommonPlugin START] Reloading Section: "reloadable-plugin/ServerDisplayRegistryImpl/CommonREIPlugin of CommonREIPlugin [farmersdelight]/" done in 34.02 μs
[18:04:20] [Server thread/TRACE] [REI] [REICommonPlugin START] Reloading Section: "reloadable-plugin/ServerDisplayRegistryImpl/" done in 623.4 μs
[18:04:20] [Server thread/TRACE] [REI] [REICommonPlugin START] Reloading Section: "reloadable-plugin/FluidSupportProviderImpl/"
[18:04:20] [Server thread/TRACE] [REI] [REICommonPlugin START] Reloading Section: "reloadable-plugin/FluidSupportProviderImpl/DefaultPlugin of DefaultPlugin [roughlyenoughitems]/"
[18:04:20] [Server thread/TRACE] [REI] [REICommonPlugin START] Reloading Section: "reloadable-plugin/FluidSupportProviderImpl/DefaultPlugin of DefaultPlugin [roughlyenoughitems]/" done in 305.7 μs
[18:04:20] [Server thread/TRACE] [REI] [REICommonPlugin START] Reloading Section: "reloadable-plugin/FluidSupportProviderImpl/FabricFluidAPISupportPlugin/"
[18:04:20] [Server thread/TRACE] [REI] [REICommonPlugin START] Reloading Section: "reloadable-plugin/FluidSupportProviderImpl/FabricFluidAPISupportPlugin/" done in 176.8 μs
[18:04:20] [Server thread/TRACE] [REI] [REICommonPlugin START] Reloading Section: "reloadable-plugin/FluidSupportProviderImpl/DefaultRuntimePlugin of DefaultRuntimePlugin [roughlyenoughitems]/"
[18:04:20] [Server thread/TRACE] [REI] [REICommonPlugin START] Reloading Section: "reloadable-plugin/FluidSupportProviderImpl/DefaultRuntimePlugin of DefaultRuntimePlugin [roughlyenoughitems]/" done in 49.67 μs
[18:04:20] [Server thread/TRACE] [REI] [REICommonPlugin START] Reloading Section: "reloadable-plugin/FluidSupportProviderImpl/CommonREIPlugin of CommonREIPlugin [farmersdelight]/"
[18:04:20] [Server thread/TRACE] [REI] [REICommonPlugin START] Reloading Section: "reloadable-plugin/FluidSupportProviderImpl/CommonREIPlugin of CommonREIPlugin [farmersdelight]/" done in 45.59 μs
[18:04:20] [Server thread/TRACE] [REI] [REICommonPlugin START] Reloading Section: "reloadable-plugin/FluidSupportProviderImpl/" done in 984.5 μs
[18:04:20] [Server thread/DEBUG] [REI] ========================================
[18:04:20] [Server thread/DEBUG] [REI] REICommonPlugin ending main-reload for START.
[18:04:20] [Server thread/DEBUG] [REI] ========================================
[18:04:20] [Server thread/TRACE] [REI] [REICommonPlugin START] Reloading Section: "end-reload/"
[18:04:20] [Server thread/TRACE] [REI] [REICommonPlugin START] Reloading Section: "end-reload/SlotAccessorRegistryImpl/"
[18:04:20] [Server thread/TRACE] [REI] [REICommonPlugin START] Reloading Section: "end-reload/SlotAccessorRegistryImpl/" done in 46.77 μs
[18:04:20] [Server thread/TRACE] [REI] [REICommonPlugin START] Reloading Section: "end-reload/EntryTypeRegistryImpl/"
[18:04:20] [Server thread/TRACE] [REI] [REICommonPlugin START] Reloading Section: "end-reload/EntryTypeRegistryImpl/" done in 43.54 μs
[18:04:20] [Server thread/TRACE] [REI] [REICommonPlugin START] Reloading Section: "end-reload/EntrySettingsAdapterRegistryImpl/"
[18:04:20] [Server thread/TRACE] [REI] [REICommonPlugin START] Reloading Section: "end-reload/EntrySettingsAdapterRegistryImpl/" done in 23.62 μs
[18:04:20] [Server thread/TRACE] [REI] [REICommonPlugin START] Reloading Section: "end-reload/ItemComparatorRegistryImpl/"
[18:04:20] [Server thread/TRACE] [REI] [REICommonPlugin START] Reloading Section: "end-reload/ItemComparatorRegistryImpl/" done in 26.35 μs
[18:04:20] [Server thread/TRACE] [REI] [REICommonPlugin START] Reloading Section: "end-reload/FluidComparatorRegistryImpl/"
[18:04:20] [Server thread/TRACE] [REI] [REICommonPlugin START] Reloading Section: "end-reload/FluidComparatorRegistryImpl/" done in 35.86 μs
[18:04:20] [Server thread/TRACE] [REI] [REICommonPlugin START] Reloading Section: "end-reload/DisplaySerializerRegistryImpl/"
[18:04:20] [Server thread/TRACE] [REI] [REICommonPlugin START] Reloading Section: "end-reload/DisplaySerializerRegistryImpl/" done in 34.31 μs
[18:04:20] [Server thread/TRACE] [REI] [REICommonPlugin START] Reloading Section: "end-reload/ServerDisplayRegistryImpl/"
[18:04:20] [Server thread/TRACE] [REI] [REICommonPlugin START] Reloading Section: "end-reload/ServerDisplayRegistryImpl/" done in 21.37 μs
[18:04:20] [Server thread/TRACE] [REI] [REICommonPlugin START] Reloading Section: "end-reload/FluidSupportProviderImpl/"
[18:04:20] [Server thread/TRACE] [REI] [REICommonPlugin START] Reloading Section: "end-reload/FluidSupportProviderImpl/" done in 19.98 μs
[18:04:20] [Server thread/TRACE] [REI] [REICommonPlugin START] Reloading Section: "end-reload/" done in 861.7 μs
[18:04:20] [Server thread/DEBUG] [REI] ========================================
[18:04:20] [Server thread/DEBUG] [REI] REICommonPlugin ended main-reload for START in 64.54 ms.
[18:04:20] [Server thread/DEBUG] [REI] ========================================
[18:04:20] [Server thread/DEBUG] [REI] ========================================
[18:04:20] [Server thread/DEBUG] [REI] REICommonPlugin starting post-reload for START.
[18:04:20] [Server thread/DEBUG] [REI] Reloadables (8):
[18:04:20] [Server thread/DEBUG] [REI]  - SlotAccessorRegistryImpl
[18:04:20] [Server thread/DEBUG] [REI]  - EntryTypeRegistryImpl
[18:04:20] [Server thread/DEBUG] [REI]  - EntrySettingsAdapterRegistryImpl
[18:04:20] [Server thread/DEBUG] [REI]  - ItemComparatorRegistryImpl
[18:04:20] [Server thread/DEBUG] [REI]  - FluidComparatorRegistryImpl
[18:04:20] [Server thread/DEBUG] [REI]  - DisplaySerializerRegistryImpl
[18:04:20] [Server thread/DEBUG] [REI]  - ServerDisplayRegistryImpl
[18:04:20] [Server thread/DEBUG] [REI]  - FluidSupportProviderImpl
[18:04:20] [Server thread/DEBUG] [REI] Plugins (4):
[18:04:20] [Server thread/DEBUG] [REI]  - (-100.00) DefaultPlugin of DefaultPlugin [roughlyenoughitems]
[18:04:20] [Server thread/DEBUG] [REI]  - (0.00) FabricFluidAPISupportPlugin
[18:04:20] [Server thread/DEBUG] [REI]  - (0.00) DefaultRuntimePlugin of DefaultRuntimePlugin [roughlyenoughitems]
[18:04:20] [Server thread/DEBUG] [REI]  - (0.00) CommonREIPlugin of CommonREIPlugin [farmersdelight]
[18:04:20] [Server thread/DEBUG] [REI] ========================================
[18:04:20] [Server thread/TRACE] [REI] [REICommonPlugin START] Reloading Section: "post-register/"
[18:04:20] [Server thread/TRACE] [REI] [REICommonPlugin START] Reloading Section: "post-register/DefaultPlugin of DefaultPlugin [roughlyenoughitems]/"
[18:04:20] [Server thread/TRACE] [REI] [REICommonPlugin START] Reloading Section: "post-register/DefaultPlugin of DefaultPlugin [roughlyenoughitems]/" done in 196.4 μs
[18:04:20] [Server thread/TRACE] [REI] [REICommonPlugin START] Reloading Section: "post-register/FabricFluidAPISupportPlugin/"
[18:04:20] [Server thread/TRACE] [REI] [REICommonPlugin START] Reloading Section: "post-register/FabricFluidAPISupportPlugin/" done in 36.07 μs
[18:04:20] [Server thread/TRACE] [REI] [REICommonPlugin START] Reloading Section: "post-register/DefaultRuntimePlugin of DefaultRuntimePlugin [roughlyenoughitems]/"
[18:04:20] [Server thread/TRACE] [REI] [REICommonPlugin START] Reloading Section: "post-register/DefaultRuntimePlugin of DefaultRuntimePlugin [roughlyenoughitems]/" done in 35.00 μs
[18:04:20] [Server thread/TRACE] [REI] [REICommonPlugin START] Reloading Section: "post-register/CommonREIPlugin of CommonREIPlugin [farmersdelight]/"
[18:04:20] [Server thread/TRACE] [REI] [REICommonPlugin START] Reloading Section: "post-register/CommonREIPlugin of CommonREIPlugin [farmersdelight]/" done in 82.73 μs
[18:04:20] [Server thread/TRACE] [REI] [REICommonPlugin START] Reloading Section: "post-register/" done in 965.1 μs
[18:04:20] [Server thread/TRACE] [REI] [REICommonPlugin START] Reloading Section: "post-stage/"
[18:04:20] [Server thread/TRACE] [REI] [REICommonPlugin START] Reloading Section: "post-stage/SlotAccessorRegistryImpl/"
[18:04:20] [Server thread/TRACE] [REI] [REICommonPlugin START] Reloading Section: "post-stage/SlotAccessorRegistryImpl/" done in 46.42 μs
[18:04:20] [Server thread/TRACE] [REI] [REICommonPlugin START] Reloading Section: "post-stage/EntryTypeRegistryImpl/"
[18:04:20] [Server thread/TRACE] [REI] [REICommonPlugin START] Reloading Section: "post-stage/EntryTypeRegistryImpl/" done in 36.79 μs
[18:04:20] [Server thread/TRACE] [REI] [REICommonPlugin START] Reloading Section: "post-stage/EntrySettingsAdapterRegistryImpl/"
[18:04:20] [Server thread/TRACE] [REI] [REICommonPlugin START] Reloading Section: "post-stage/EntrySettingsAdapterRegistryImpl/" done in 60.68 μs
[18:04:20] [Server thread/TRACE] [REI] [REICommonPlugin START] Reloading Section: "post-stage/ItemComparatorRegistryImpl/"
[18:04:20] [Server thread/TRACE] [REI] [REICommonPlugin START] Reloading Section: "post-stage/ItemComparatorRegistryImpl/" done in 40.47 μs
[18:04:20] [Server thread/TRACE] [REI] [REICommonPlugin START] Reloading Section: "post-stage/FluidComparatorRegistryImpl/"
[18:04:20] [Server thread/TRACE] [REI] [REICommonPlugin START] Reloading Section: "post-stage/FluidComparatorRegistryImpl/" done in 20.09 μs
[18:04:20] [Server thread/TRACE] [REI] [REICommonPlugin START] Reloading Section: "post-stage/DisplaySerializerRegistryImpl/"
[18:04:20] [Server thread/TRACE] [REI] [REICommonPlugin START] Reloading Section: "post-stage/DisplaySerializerRegistryImpl/" done in 18.80 μs
[18:04:20] [Server thread/TRACE] [REI] [REICommonPlugin START] Reloading Section: "post-stage/ServerDisplayRegistryImpl/"
[18:04:20] [Server thread/TRACE] [REI] [REICommonPlugin START] Reloading Section: "post-stage/ServerDisplayRegistryImpl/" done in 17.77 μs
[18:04:20] [Server thread/TRACE] [REI] [REICommonPlugin START] Reloading Section: "post-stage/FluidSupportProviderImpl/"
[18:04:20] [Server thread/TRACE] [REI] [REICommonPlugin START] Reloading Section: "post-stage/FluidSupportProviderImpl/" done in 17.42 μs
[18:04:20] [Server thread/TRACE] [REI] [REICommonPlugin START] Reloading Section: "post-stage/" done in 847.6 μs
[18:04:20] [Server thread/DEBUG] [REI] ========================================
[18:04:20] [Server thread/INFO] [REI] REICommonPlugin finished post-reload for START in 1.936 ms, totaling 75.27 ms.
[18:04:20] [Server thread/DEBUG] [REI] ========================================
[18:04:20] [Server thread/DEBUG] [REI] ========================================
[18:04:20] [Server thread/DEBUG] [REI] REICommonPlugin starting pre-reload for END.
[18:04:20] [Server thread/DEBUG] [REI] Reloadables (8):
[18:04:20] [Server thread/DEBUG] [REI]  - SlotAccessorRegistryImpl
[18:04:20] [Server thread/DEBUG] [REI]  - EntryTypeRegistryImpl
[18:04:20] [Server thread/DEBUG] [REI]  - EntrySettingsAdapterRegistryImpl
[18:04:20] [Server thread/DEBUG] [REI]  - ItemComparatorRegistryImpl
[18:04:20] [Server thread/DEBUG] [REI]  - FluidComparatorRegistryImpl
[18:04:20] [Server thread/DEBUG] [REI]  - DisplaySerializerRegistryImpl
[18:04:20] [Server thread/DEBUG] [REI]  - ServerDisplayRegistryImpl
[18:04:20] [Server thread/DEBUG] [REI]  - FluidSupportProviderImpl
[18:04:20] [Server thread/DEBUG] [REI] Plugins (4):
[18:04:20] [Server thread/DEBUG] [REI]  - (-100.00) DefaultPlugin of DefaultPlugin [roughlyenoughitems]
[18:04:20] [Server thread/DEBUG] [REI]  - (0.00) FabricFluidAPISupportPlugin
[18:04:20] [Server thread/DEBUG] [REI]  - (0.00) DefaultRuntimePlugin of DefaultRuntimePlugin [roughlyenoughitems]
[18:04:20] [Server thread/DEBUG] [REI]  - (0.00) CommonREIPlugin of CommonREIPlugin [farmersdelight]
[18:04:20] [Server thread/DEBUG] [REI] ========================================
[18:04:20] [Server thread/TRACE] [REI] [REICommonPlugin END] Reloading Section: "pre-register/"
[18:04:20] [Server thread/TRACE] [REI] [REICommonPlugin END] Reloading Section: "pre-register/DefaultPlugin of DefaultPlugin [roughlyenoughitems]/"
[18:04:20] [Server thread/TRACE] [REI] [REICommonPlugin END] Reloading Section: "pre-register/DefaultPlugin of DefaultPlugin [roughlyenoughitems]/" done in 24.91 μs
[18:04:20] [Server thread/TRACE] [REI] [REICommonPlugin END] Reloading Section: "pre-register/FabricFluidAPISupportPlugin/"
[18:04:20] [Server thread/TRACE] [REI] [REICommonPlugin END] Reloading Section: "pre-register/FabricFluidAPISupportPlugin/" done in 26.91 μs
[18:04:20] [Server thread/TRACE] [REI] [REICommonPlugin END] Reloading Section: "pre-register/DefaultRuntimePlugin of DefaultRuntimePlugin [roughlyenoughitems]/"
[18:04:20] [Server thread/TRACE] [REI] [REICommonPlugin END] Reloading Section: "pre-register/DefaultRuntimePlugin of DefaultRuntimePlugin [roughlyenoughitems]/" done in 52.96 μs
[18:04:20] [Server thread/TRACE] [REI] [REICommonPlugin END] Reloading Section: "pre-register/CommonREIPlugin of CommonREIPlugin [farmersdelight]/"
[18:04:20] [Server thread/TRACE] [REI] [REICommonPlugin END] Reloading Section: "pre-register/CommonREIPlugin of CommonREIPlugin [farmersdelight]/" done in 44.29 μs
[18:04:20] [Server thread/TRACE] [REI] [REICommonPlugin END] Reloading Section: "pre-register/" done in 560.7 μs
[18:04:20] [Server thread/TRACE] [REI] [REICommonPlugin END] Reloading Section: "pre-stage/"
[18:04:20] [Server thread/TRACE] [REI] [REICommonPlugin END] Reloading Section: "pre-stage/SlotAccessorRegistryImpl/"
[18:04:20] [Server thread/TRACE] [REI] [REICommonPlugin END] Reloading Section: "pre-stage/SlotAccessorRegistryImpl/" done in 37.64 μs
[18:04:20] [Server thread/TRACE] [REI] [REICommonPlugin END] Reloading Section: "pre-stage/EntryTypeRegistryImpl/"
[18:04:20] [Server thread/TRACE] [REI] [REICommonPlugin END] Reloading Section: "pre-stage/EntryTypeRegistryImpl/" done in 38.35 μs
[18:04:20] [Server thread/TRACE] [REI] [REICommonPlugin END] Reloading Section: "pre-stage/EntrySettingsAdapterRegistryImpl/"
[18:04:20] [Server thread/TRACE] [REI] [REICommonPlugin END] Reloading Section: "pre-stage/EntrySettingsAdapterRegistryImpl/" done in 48.43 μs
[18:04:20] [Server thread/TRACE] [REI] [REICommonPlugin END] Reloading Section: "pre-stage/ItemComparatorRegistryImpl/"
[18:04:20] [Server thread/TRACE] [REI] [REICommonPlugin END] Reloading Section: "pre-stage/ItemComparatorRegistryImpl/" done in 43.99 μs
[18:04:20] [Server thread/TRACE] [REI] [REICommonPlugin END] Reloading Section: "pre-stage/FluidComparatorRegistryImpl/"
[18:04:20] [Server thread/TRACE] [REI] [REICommonPlugin END] Reloading Section: "pre-stage/FluidComparatorRegistryImpl/" done in 26.39 μs
[18:04:20] [Server thread/TRACE] [REI] [REICommonPlugin END] Reloading Section: "pre-stage/DisplaySerializerRegistryImpl/"
[18:04:20] [Server thread/TRACE] [REI] [REICommonPlugin END] Reloading Section: "pre-stage/DisplaySerializerRegistryImpl/" done in 22.21 μs
[18:04:20] [Server thread/TRACE] [REI] [REICommonPlugin END] Reloading Section: "pre-stage/ServerDisplayRegistryImpl/"
[18:04:20] [Server thread/TRACE] [REI] [REICommonPlugin END] Reloading Section: "pre-stage/ServerDisplayRegistryImpl/" done in 19.55 μs
[18:04:20] [Server thread/TRACE] [REI] [REICommonPlugin END] Reloading Section: "pre-stage/FluidSupportProviderImpl/"
[18:04:20] [Server thread/TRACE] [REI] [REICommonPlugin END] Reloading Section: "pre-stage/FluidSupportProviderImpl/" done in 18.69 μs
[18:04:20] [Server thread/TRACE] [REI] [REICommonPlugin END] Reloading Section: "pre-stage/" done in 855.0 μs
[18:04:20] [Server thread/DEBUG] [REI] ========================================
[18:04:20] [Server thread/DEBUG] [REI] REICommonPlugin finished pre-reload for END in 1.536 ms.
[18:04:20] [Server thread/DEBUG] [REI] ========================================
[18:04:20] [Server thread/INFO] [REI] ****************************************
[18:04:20] [Server thread/INFO] [REI] REICommonPlugin starting main-reload for END.
[18:04:20] [Server thread/DEBUG] [REI] Reloadables (8):
[18:04:20] [Server thread/DEBUG] [REI]  - SlotAccessorRegistryImpl
[18:04:20] [Server thread/DEBUG] [REI]  - EntryTypeRegistryImpl
[18:04:20] [Server thread/DEBUG] [REI]  - EntrySettingsAdapterRegistryImpl
[18:04:20] [Server thread/DEBUG] [REI]  - ItemComparatorRegistryImpl
[18:04:20] [Server thread/DEBUG] [REI]  - FluidComparatorRegistryImpl
[18:04:20] [Server thread/DEBUG] [REI]  - DisplaySerializerRegistryImpl
[18:04:20] [Server thread/DEBUG] [REI]  - ServerDisplayRegistryImpl
[18:04:20] [Server thread/DEBUG] [REI]  - FluidSupportProviderImpl
[18:04:20] [Server thread/INFO] [REI] Plugins (4):
[18:04:20] [Server thread/INFO] [REI]  - (-100.00) DefaultPlugin of DefaultPlugin [roughlyenoughitems]
[18:04:20] [Server thread/INFO] [REI]  - (0.00) FabricFluidAPISupportPlugin
[18:04:20] [Server thread/INFO] [REI]  - (0.00) DefaultRuntimePlugin of DefaultRuntimePlugin [roughlyenoughitems]
[18:04:20] [Server thread/INFO] [REI]  - (0.00) CommonREIPlugin of CommonREIPlugin [farmersdelight]
[18:04:20] [Server thread/INFO] [REI] ****************************************
[18:04:20] [Server thread/TRACE] [REI] [REICommonPlugin END] Reloading Section: "start-reload/"
[18:04:20] [Server thread/TRACE] [REI] [REICommonPlugin END] Reloading Section: "start-reload/SlotAccessorRegistryImpl/"
[18:04:20] [Server thread/TRACE] [REI] [REICommonPlugin END] Reloading Section: "start-reload/SlotAccessorRegistryImpl/" done in 36.27 μs
[18:04:20] [Server thread/TRACE] [REI] [REICommonPlugin END] Reloading Section: "start-reload/EntryTypeRegistryImpl/"
[18:04:20] [Server thread/TRACE] [REI] [REICommonPlugin END] Reloading Section: "start-reload/EntryTypeRegistryImpl/" done in 30.92 μs
[18:04:20] [Server thread/TRACE] [REI] [REICommonPlugin END] Reloading Section: "start-reload/EntrySettingsAdapterRegistryImpl/"
[18:04:20] [Server thread/TRACE] [REI] [REICommonPlugin END] Reloading Section: "start-reload/EntrySettingsAdapterRegistryImpl/" done in 32.77 μs
[18:04:20] [Server thread/TRACE] [REI] [REICommonPlugin END] Reloading Section: "start-reload/ItemComparatorRegistryImpl/"
[18:04:20] [Server thread/TRACE] [REI] [REICommonPlugin END] Reloading Section: "start-reload/ItemComparatorRegistryImpl/" done in 23.50 μs
[18:04:20] [Server thread/TRACE] [REI] [REICommonPlugin END] Reloading Section: "start-reload/FluidComparatorRegistryImpl/"
[18:04:20] [Server thread/TRACE] [REI] [REICommonPlugin END] Reloading Section: "start-reload/FluidComparatorRegistryImpl/" done in 19.27 μs
[18:04:20] [Server thread/TRACE] [REI] [REICommonPlugin END] Reloading Section: "start-reload/DisplaySerializerRegistryImpl/"
[18:04:20] [Server thread/TRACE] [REI] [REICommonPlugin END] Reloading Section: "start-reload/DisplaySerializerRegistryImpl/" done in 22.40 μs
[18:04:20] [Server thread/TRACE] [REI] [REICommonPlugin END] Reloading Section: "start-reload/ServerDisplayRegistryImpl/"
[18:04:20] [Server thread/TRACE] [REI] [REICommonPlugin END] Reloading Section: "start-reload/ServerDisplayRegistryImpl/" done in 87.53 μs
[18:04:20] [Server thread/TRACE] [REI] [REICommonPlugin END] Reloading Section: "start-reload/FluidSupportProviderImpl/"
[18:04:20] [Server thread/TRACE] [REI] [REICommonPlugin END] Reloading Section: "start-reload/FluidSupportProviderImpl/" done in 28.46 μs
[18:04:20] [Server thread/TRACE] [REI] [REICommonPlugin END] Reloading Section: "start-reload/" done in 844.2 μs
[18:04:20] [Server thread/DEBUG] [REI] ========================================
[18:04:20] [Server thread/DEBUG] [REI] REICommonPlugin started main-reload for END.
[18:04:20] [Server thread/DEBUG] [REI] ========================================
[18:04:20] [Server thread/TRACE] [REI] [REICommonPlugin END] Reloading Section: "reloadable-plugin/SlotAccessorRegistryImpl/"
[18:04:20] [Server thread/TRACE] [REI] [REICommonPlugin END] Reloading Section: "reloadable-plugin/SlotAccessorRegistryImpl/DefaultPlugin of DefaultPlugin [roughlyenoughitems]/"
[18:04:20] [Server thread/TRACE] [REI] [REICommonPlugin END] Reloading Section: "reloadable-plugin/SlotAccessorRegistryImpl/DefaultPlugin of DefaultPlugin [roughlyenoughitems]/" done in 51.32 μs
[18:04:20] [Server thread/TRACE] [REI] [REICommonPlugin END] Reloading Section: "reloadable-plugin/SlotAccessorRegistryImpl/FabricFluidAPISupportPlugin/"
[18:04:20] [Server thread/TRACE] [REI] [REICommonPlugin END] Reloading Section: "reloadable-plugin/SlotAccessorRegistryImpl/FabricFluidAPISupportPlugin/" done in 44.07 μs
[18:04:20] [Server thread/TRACE] [REI] [REICommonPlugin END] Reloading Section: "reloadable-plugin/SlotAccessorRegistryImpl/DefaultRuntimePlugin of DefaultRuntimePlugin [roughlyenoughitems]/"
[18:04:20] [Server thread/DEBUG] [REI] Added slot accessor serializer: me.shedaniel.rei.plugin.common.runtime.DefaultRuntimePlugin$1@46dae8fe [roughlyenoughitems:vanilla]
[18:04:20] [Server thread/DEBUG] [REI] Added slot accessor serializer: me.shedaniel.rei.plugin.common.runtime.DefaultRuntimePlugin$2@60f4323d [roughlyenoughitems:player]
[18:04:20] [Server thread/TRACE] [REI] [REICommonPlugin END] Reloading Section: "reloadable-plugin/SlotAccessorRegistryImpl/DefaultRuntimePlugin of DefaultRuntimePlugin [roughlyenoughitems]/" done in 1.579 ms
[18:04:20] [Server thread/TRACE] [REI] [REICommonPlugin END] Reloading Section: "reloadable-plugin/SlotAccessorRegistryImpl/CommonREIPlugin of CommonREIPlugin [farmersdelight]/"
[18:04:20] [Server thread/TRACE] [REI] [REICommonPlugin END] Reloading Section: "reloadable-plugin/SlotAccessorRegistryImpl/CommonREIPlugin of CommonREIPlugin [farmersdelight]/" done in 32.07 μs
[18:04:20] [Server thread/TRACE] [REI] [REICommonPlugin END] Reloading Section: "reloadable-plugin/SlotAccessorRegistryImpl/" done in 2.136 ms
[18:04:20] [Server thread/TRACE] [REI] [REICommonPlugin END] Reloading Section: "reloadable-plugin/EntryTypeRegistryImpl/"
[18:04:20] [Server thread/TRACE] [REI] [REICommonPlugin END] Reloading Section: "reloadable-plugin/EntryTypeRegistryImpl/DefaultPlugin of DefaultPlugin [roughlyenoughitems]/"
[18:04:20] [Server thread/TRACE] [REI] [REICommonPlugin END] Reloading Section: "reloadable-plugin/EntryTypeRegistryImpl/DefaultPlugin of DefaultPlugin [roughlyenoughitems]/" done in 76.25 μs
[18:04:20] [Server thread/TRACE] [REI] [REICommonPlugin END] Reloading Section: "reloadable-plugin/EntryTypeRegistryImpl/FabricFluidAPISupportPlugin/"
[18:04:20] [Server thread/TRACE] [REI] [REICommonPlugin END] Reloading Section: "reloadable-plugin/EntryTypeRegistryImpl/FabricFluidAPISupportPlugin/" done in 55.58 μs
[18:04:20] [Server thread/TRACE] [REI] [REICommonPlugin END] Reloading Section: "reloadable-plugin/EntryTypeRegistryImpl/DefaultRuntimePlugin of DefaultRuntimePlugin [roughlyenoughitems]/"
[18:04:20] [Server thread/TRACE] [REI] [REICommonPlugin END] Reloading Section: "reloadable-plugin/EntryTypeRegistryImpl/DefaultRuntimePlugin of DefaultRuntimePlugin [roughlyenoughitems]/" done in 48.53 μs
[18:04:20] [Server thread/TRACE] [REI] [REICommonPlugin END] Reloading Section: "reloadable-plugin/EntryTypeRegistryImpl/CommonREIPlugin of CommonREIPlugin [farmersdelight]/"
[18:04:20] [Server thread/TRACE] [REI] [REICommonPlugin END] Reloading Section: "reloadable-plugin/EntryTypeRegistryImpl/CommonREIPlugin of CommonREIPlugin [farmersdelight]/" done in 33.02 μs
[18:04:20] [Server thread/TRACE] [REI] [REICommonPlugin END] Reloading Section: "reloadable-plugin/EntryTypeRegistryImpl/" done in 1.267 ms
[18:04:20] [Server thread/TRACE] [REI] [REICommonPlugin END] Reloading Section: "reloadable-plugin/EntrySettingsAdapterRegistryImpl/"
[18:04:20] [Server thread/TRACE] [REI] [REICommonPlugin END] Reloading Section: "reloadable-plugin/EntrySettingsAdapterRegistryImpl/DefaultPlugin of DefaultPlugin [roughlyenoughitems]/"
[18:04:20] [Server thread/TRACE] [REI] [REICommonPlugin END] Reloading Section: "reloadable-plugin/EntrySettingsAdapterRegistryImpl/DefaultPlugin of DefaultPlugin [roughlyenoughitems]/" done in 41.88 μs
[18:04:20] [Server thread/TRACE] [REI] [REICommonPlugin END] Reloading Section: "reloadable-plugin/EntrySettingsAdapterRegistryImpl/FabricFluidAPISupportPlugin/"
[18:04:20] [Server thread/TRACE] [REI] [REICommonPlugin END] Reloading Section: "reloadable-plugin/EntrySettingsAdapterRegistryImpl/FabricFluidAPISupportPlugin/" done in 43.83 μs
[18:04:20] [Server thread/TRACE] [REI] [REICommonPlugin END] Reloading Section: "reloadable-plugin/EntrySettingsAdapterRegistryImpl/DefaultRuntimePlugin of DefaultRuntimePlugin [roughlyenoughitems]/"
[18:04:20] [Server thread/TRACE] [REI] [REICommonPlugin END] Reloading Section: "reloadable-plugin/EntrySettingsAdapterRegistryImpl/DefaultRuntimePlugin of DefaultRuntimePlugin [roughlyenoughitems]/" done in 31.73 μs
[18:04:20] [Server thread/TRACE] [REI] [REICommonPlugin END] Reloading Section: "reloadable-plugin/EntrySettingsAdapterRegistryImpl/CommonREIPlugin of CommonREIPlugin [farmersdelight]/"
[18:04:20] [Server thread/TRACE] [REI] [REICommonPlugin END] Reloading Section: "reloadable-plugin/EntrySettingsAdapterRegistryImpl/CommonREIPlugin of CommonREIPlugin [farmersdelight]/" done in 44.05 μs
[18:04:20] [Server thread/TRACE] [REI] [REICommonPlugin END] Reloading Section: "reloadable-plugin/EntrySettingsAdapterRegistryImpl/" done in 498.5 μs
[18:04:20] [Server thread/TRACE] [REI] [REICommonPlugin END] Reloading Section: "reloadable-plugin/ItemComparatorRegistryImpl/"
[18:04:20] [Server thread/TRACE] [REI] [REICommonPlugin END] Reloading Section: "reloadable-plugin/ItemComparatorRegistryImpl/DefaultPlugin of DefaultPlugin [roughlyenoughitems]/"
[18:04:20] [Server thread/TRACE] [REI] [REICommonPlugin END] Reloading Section: "reloadable-plugin/ItemComparatorRegistryImpl/DefaultPlugin of DefaultPlugin [roughlyenoughitems]/" done in 32.23 μs
[18:04:20] [Server thread/TRACE] [REI] [REICommonPlugin END] Reloading Section: "reloadable-plugin/ItemComparatorRegistryImpl/FabricFluidAPISupportPlugin/"
[18:04:20] [Server thread/TRACE] [REI] [REICommonPlugin END] Reloading Section: "reloadable-plugin/ItemComparatorRegistryImpl/FabricFluidAPISupportPlugin/" done in 29.39 μs
[18:04:20] [Server thread/TRACE] [REI] [REICommonPlugin END] Reloading Section: "reloadable-plugin/ItemComparatorRegistryImpl/DefaultRuntimePlugin of DefaultRuntimePlugin [roughlyenoughitems]/"
[18:04:20] [Server thread/TRACE] [REI] [REICommonPlugin END] Reloading Section: "reloadable-plugin/ItemComparatorRegistryImpl/DefaultRuntimePlugin of DefaultRuntimePlugin [roughlyenoughitems]/" done in 29.57 μs
[18:04:20] [Server thread/TRACE] [REI] [REICommonPlugin END] Reloading Section: "reloadable-plugin/ItemComparatorRegistryImpl/CommonREIPlugin of CommonREIPlugin [farmersdelight]/"
[18:04:20] [Server thread/TRACE] [REI] [REICommonPlugin END] Reloading Section: "reloadable-plugin/ItemComparatorRegistryImpl/CommonREIPlugin of CommonREIPlugin [farmersdelight]/" done in 58.60 μs
[18:04:20] [Server thread/TRACE] [REI] [REICommonPlugin END] Reloading Section: "reloadable-plugin/ItemComparatorRegistryImpl/" done in 447.2 μs
[18:04:20] [Server thread/TRACE] [REI] [REICommonPlugin END] Reloading Section: "reloadable-plugin/FluidComparatorRegistryImpl/"
[18:04:20] [Server thread/TRACE] [REI] [REICommonPlugin END] Reloading Section: "reloadable-plugin/FluidComparatorRegistryImpl/DefaultPlugin of DefaultPlugin [roughlyenoughitems]/"
[18:04:20] [Server thread/TRACE] [REI] [REICommonPlugin END] Reloading Section: "reloadable-plugin/FluidComparatorRegistryImpl/DefaultPlugin of DefaultPlugin [roughlyenoughitems]/" done in 34.49 μs
[18:04:20] [Server thread/TRACE] [REI] [REICommonPlugin END] Reloading Section: "reloadable-plugin/FluidComparatorRegistryImpl/FabricFluidAPISupportPlugin/"
[18:04:20] [Server thread/TRACE] [REI] [REICommonPlugin END] Reloading Section: "reloadable-plugin/FluidComparatorRegistryImpl/FabricFluidAPISupportPlugin/" done in 22.18 μs
[18:04:20] [Server thread/TRACE] [REI] [REICommonPlugin END] Reloading Section: "reloadable-plugin/FluidComparatorRegistryImpl/DefaultRuntimePlugin of DefaultRuntimePlugin [roughlyenoughitems]/"
[18:04:20] [Server thread/TRACE] [REI] [REICommonPlugin END] Reloading Section: "reloadable-plugin/FluidComparatorRegistryImpl/DefaultRuntimePlugin of DefaultRuntimePlugin [roughlyenoughitems]/" done in 32.02 μs
[18:04:20] [Server thread/TRACE] [REI] [REICommonPlugin END] Reloading Section: "reloadable-plugin/FluidComparatorRegistryImpl/CommonREIPlugin of CommonREIPlugin [farmersdelight]/"
[18:04:20] [Server thread/TRACE] [REI] [REICommonPlugin END] Reloading Section: "reloadable-plugin/FluidComparatorRegistryImpl/CommonREIPlugin of CommonREIPlugin [farmersdelight]/" done in 25.30 μs
[18:04:20] [Server thread/TRACE] [REI] [REICommonPlugin END] Reloading Section: "reloadable-plugin/FluidComparatorRegistryImpl/" done in 439.8 μs
[18:04:20] [Server thread/TRACE] [REI] [REICommonPlugin END] Reloading Section: "reloadable-plugin/DisplaySerializerRegistryImpl/"
[18:04:20] [Server thread/TRACE] [REI] [REICommonPlugin END] Reloading Section: "reloadable-plugin/DisplaySerializerRegistryImpl/DefaultPlugin of DefaultPlugin [roughlyenoughitems]/"
[18:04:20] [Server thread/TRACE] [REI] [REICommonPlugin END] Reloading Section: "reloadable-plugin/DisplaySerializerRegistryImpl/DefaultPlugin of DefaultPlugin [roughlyenoughitems]/" done in 37.86 μs
[18:04:20] [Server thread/TRACE] [REI] [REICommonPlugin END] Reloading Section: "reloadable-plugin/DisplaySerializerRegistryImpl/FabricFluidAPISupportPlugin/"
[18:04:20] [Server thread/TRACE] [REI] [REICommonPlugin END] Reloading Section: "reloadable-plugin/DisplaySerializerRegistryImpl/FabricFluidAPISupportPlugin/" done in 22.15 μs
[18:04:20] [Server thread/TRACE] [REI] [REICommonPlugin END] Reloading Section: "reloadable-plugin/DisplaySerializerRegistryImpl/DefaultRuntimePlugin of DefaultRuntimePlugin [roughlyenoughitems]/"
[18:04:20] [Server thread/TRACE] [REI] [REICommonPlugin END] Reloading Section: "reloadable-plugin/DisplaySerializerRegistryImpl/DefaultRuntimePlugin of DefaultRuntimePlugin [roughlyenoughitems]/" done in 21.15 μs
[18:04:20] [Server thread/TRACE] [REI] [REICommonPlugin END] Reloading Section: "reloadable-plugin/DisplaySerializerRegistryImpl/CommonREIPlugin of CommonREIPlugin [farmersdelight]/"
[18:04:20] [Server thread/TRACE] [REI] [REICommonPlugin END] Reloading Section: "reloadable-plugin/DisplaySerializerRegistryImpl/CommonREIPlugin of CommonREIPlugin [farmersdelight]/" done in 16.01 μs
[18:04:20] [Server thread/TRACE] [REI] [REICommonPlugin END] Reloading Section: "reloadable-plugin/DisplaySerializerRegistryImpl/" done in 294.2 μs
[18:04:20] [Server thread/TRACE] [REI] [REICommonPlugin END] Reloading Section: "reloadable-plugin/ServerDisplayRegistryImpl/"
[18:04:20] [Server thread/TRACE] [REI] [REICommonPlugin END] Reloading Section: "reloadable-plugin/ServerDisplayRegistryImpl/DefaultPlugin of DefaultPlugin [roughlyenoughitems]/"
[18:04:20] [Server thread/DEBUG] [REI] Added display filter: me.shedaniel.rei.api.common.registry.display.DisplayConsumer$RecipeManagerConsumer$RecipeFillerBuilder$$Lambda/0x0000722799b340b8@1ac83186
[18:04:20] [Server thread/DEBUG] [REI] Added display filter: me.shedaniel.rei.api.common.registry.display.DisplayConsumer$RecipeManagerConsumer$RecipeFillerBuilder$$Lambda/0x0000722799b340b8@63abc521
[18:04:20] [Server thread/DEBUG] [REI] Added display filter: me.shedaniel.rei.api.common.registry.display.DisplayConsumer$RecipeManagerConsumer$RecipeFillerBuilder$$Lambda/0x0000722799b340b8@5c195793
[18:04:20] [Server thread/DEBUG] [REI] Added display filter: me.shedaniel.rei.api.common.registry.display.DisplayConsumer$RecipeManagerConsumer$RecipeFillerBuilder$$Lambda/0x0000722799b340b8@614ff720
[18:04:20] [Server thread/DEBUG] [REI] Added display filter: me.shedaniel.rei.api.common.registry.display.DisplayConsumer$RecipeManagerConsumer$RecipeFillerBuilder$$Lambda/0x0000722799b340b8@405a38de
[18:04:20] [Server thread/DEBUG] [REI] Added display filter: me.shedaniel.rei.api.common.registry.display.DisplayConsumer$RecipeManagerConsumer$RecipeFillerBuilder$$Lambda/0x0000722799b340b8@781eb5e
[18:04:20] [Server thread/DEBUG] [REI] Added display filter: me.shedaniel.rei.api.common.registry.display.DisplayConsumer$RecipeManagerConsumer$RecipeFillerBuilder$$Lambda/0x0000722799b340b8@abb3731
[18:04:20] [Server thread/DEBUG] [REI] Added display filter: me.shedaniel.rei.api.common.registry.display.DisplayConsumer$RecipeManagerConsumer$RecipeFillerBuilder$$Lambda/0x0000722799b35950@2fd76473
[18:04:20] [Server thread/DEBUG] [REI] Added display filter: me.shedaniel.rei.api.common.registry.display.DisplayConsumer$RecipeManagerConsumer$RecipeFillerBuilder$$Lambda/0x0000722799b35950@3d50f711
[18:04:20] [Server thread/DEBUG] [REI] Added display filter: me.shedaniel.rei.api.common.registry.display.DisplayConsumer$RecipeManagerConsumer$RecipeFillerBuilder$$Lambda/0x0000722799b35950@39ccc044
[18:04:20] [Server thread/DEBUG] [REI] Added display filter: me.shedaniel.rei.api.common.registry.display.DisplayConsumer$RecipeManagerConsumer$RecipeFillerBuilder$$Lambda/0x0000722799b35950@7333dc2e
[18:04:20] [Server thread/DEBUG] [REI] Added display filter: me.shedaniel.rei.api.common.registry.display.DisplayConsumer$RecipeManagerConsumer$RecipeFillerBuilder$$Lambda/0x0000722799b35950@6753cac7
[18:04:20] [Server thread/DEBUG] [REI] Added display filter: me.shedaniel.rei.api.common.registry.display.DisplayConsumer$RecipeManagerConsumer$RecipeFillerBuilder$$Lambda/0x0000722799b35950@5d015143
[18:04:20] [Server thread/DEBUG] [REI] Added display filter: me.shedaniel.rei.api.common.registry.display.DisplayConsumer$RecipeManagerConsumer$RecipeFillerBuilder$$Lambda/0x0000722799b35950@2906447
[18:04:20] [Server thread/DEBUG] [REI] Added display filter: me.shedaniel.rei.api.common.registry.display.DisplayConsumer$RecipeManagerConsumer$RecipeFillerBuilder$$Lambda/0x0000722799b35950@6f2f0a97
[18:04:20] [Server thread/DEBUG] [REI] Added display filter: me.shedaniel.rei.api.common.registry.display.DisplayConsumer$RecipeManagerConsumer$RecipeFillerBuilder$$Lambda/0x0000722799b35950@16d3e047
[18:04:20] [Server thread/TRACE] [REI] [REICommonPlugin END] Reloading Section: "reloadable-plugin/ServerDisplayRegistryImpl/DefaultPlugin of DefaultPlugin [roughlyenoughitems]/" done in 3.136 ms
[18:04:20] [Server thread/TRACE] [REI] [REICommonPlugin END] Reloading Section: "reloadable-plugin/ServerDisplayRegistryImpl/FabricFluidAPISupportPlugin/"
[18:04:20] [Server thread/TRACE] [REI] [REICommonPlugin END] Reloading Section: "reloadable-plugin/ServerDisplayRegistryImpl/FabricFluidAPISupportPlugin/" done in 42.41 μs
[18:04:20] [Server thread/TRACE] [REI] [REICommonPlugin END] Reloading Section: "reloadable-plugin/ServerDisplayRegistryImpl/DefaultRuntimePlugin of DefaultRuntimePlugin [roughlyenoughitems]/"
[18:04:20] [Server thread/TRACE] [REI] [REICommonPlugin END] Reloading Section: "reloadable-plugin/ServerDisplayRegistryImpl/DefaultRuntimePlugin of DefaultRuntimePlugin [roughlyenoughitems]/" done in 33.01 μs
[18:04:20] [Server thread/TRACE] [REI] [REICommonPlugin END] Reloading Section: "reloadable-plugin/ServerDisplayRegistryImpl/CommonREIPlugin of CommonREIPlugin [farmersdelight]/"
[18:04:20] [Server thread/DEBUG] [REI] Added display filter: me.shedaniel.rei.api.common.registry.display.DisplayConsumer$RecipeManagerConsumer$RecipeFillerBuilder$$Lambda/0x0000722799b340b8@403cd6bd
[18:04:20] [Server thread/DEBUG] [REI] Added display filter: me.shedaniel.rei.api.common.registry.display.DisplayConsumer$RecipeManagerConsumer$RecipeFillerBuilder$$Lambda/0x0000722799b340b8@5e8804fa
[18:04:20] [Server thread/TRACE] [REI] [REICommonPlugin END] Reloading Section: "reloadable-plugin/ServerDisplayRegistryImpl/CommonREIPlugin of CommonREIPlugin [farmersdelight]/" done in 3.256 ms
[18:04:20] [Server thread/TRACE] [REI] [REICommonPlugin END] Reloading Section: "reloadable-plugin/ServerDisplayRegistryImpl/" done in 6.773 ms
[18:04:20] [Server thread/TRACE] [REI] [REICommonPlugin END] Reloading Section: "reloadable-plugin/FluidSupportProviderImpl/"
[18:04:20] [Server thread/TRACE] [REI] [REICommonPlugin END] Reloading Section: "reloadable-plugin/FluidSupportProviderImpl/DefaultPlugin of DefaultPlugin [roughlyenoughitems]/"
[18:04:20] [Server thread/TRACE] [REI] [REICommonPlugin END] Reloading Section: "reloadable-plugin/FluidSupportProviderImpl/DefaultPlugin of DefaultPlugin [roughlyenoughitems]/" done in 35.55 μs
[18:04:20] [Server thread/TRACE] [REI] [REICommonPlugin END] Reloading Section: "reloadable-plugin/FluidSupportProviderImpl/FabricFluidAPISupportPlugin/"
[18:04:20] [Server thread/TRACE] [REI] [REICommonPlugin END] Reloading Section: "reloadable-plugin/FluidSupportProviderImpl/FabricFluidAPISupportPlugin/" done in 45.57 μs
[18:04:20] [Server thread/TRACE] [REI] [REICommonPlugin END] Reloading Section: "reloadable-plugin/FluidSupportProviderImpl/DefaultRuntimePlugin of DefaultRuntimePlugin [roughlyenoughitems]/"
[18:04:20] [Server thread/TRACE] [REI] [REICommonPlugin END] Reloading Section: "reloadable-plugin/FluidSupportProviderImpl/DefaultRuntimePlugin of DefaultRuntimePlugin [roughlyenoughitems]/" done in 30.49 μs
[18:04:20] [Server thread/TRACE] [REI] [REICommonPlugin END] Reloading Section: "reloadable-plugin/FluidSupportProviderImpl/CommonREIPlugin of CommonREIPlugin [farmersdelight]/"
[18:04:20] [Server thread/TRACE] [REI] [REICommonPlugin END] Reloading Section: "reloadable-plugin/FluidSupportProviderImpl/CommonREIPlugin of CommonREIPlugin [farmersdelight]/" done in 47.77 μs
[18:04:20] [Server thread/TRACE] [REI] [REICommonPlugin END] Reloading Section: "reloadable-plugin/FluidSupportProviderImpl/" done in 484.5 μs
[18:04:20] [Server thread/DEBUG] [REI] ========================================
[18:04:20] [Server thread/DEBUG] [REI] REICommonPlugin ending main-reload for END.
[18:04:20] [Server thread/DEBUG] [REI] ========================================
[18:04:20] [Server thread/TRACE] [REI] [REICommonPlugin END] Reloading Section: "end-reload/"
[18:04:20] [Server thread/TRACE] [REI] [REICommonPlugin END] Reloading Section: "end-reload/SlotAccessorRegistryImpl/"
[18:04:20] [Server thread/DEBUG] [REI] Registered 2 slot accessor serializers
[18:04:20] [Server thread/TRACE] [REI] [REICommonPlugin END] Reloading Section: "end-reload/SlotAccessorRegistryImpl/" done in 64.18 μs
[18:04:20] [Server thread/TRACE] [REI] [REICommonPlugin END] Reloading Section: "end-reload/EntryTypeRegistryImpl/"
[18:04:20] [Server thread/TRACE] [REI] [REICommonPlugin END] Reloading Section: "end-reload/EntryTypeRegistryImpl/" done in 21.70 μs
[18:04:20] [Server thread/TRACE] [REI] [REICommonPlugin END] Reloading Section: "end-reload/EntrySettingsAdapterRegistryImpl/"
[18:04:20] [Server thread/TRACE] [REI] [REICommonPlugin END] Reloading Section: "end-reload/EntrySettingsAdapterRegistryImpl/" done in 20.10 μs
[18:04:20] [Server thread/TRACE] [REI] [REICommonPlugin END] Reloading Section: "end-reload/ItemComparatorRegistryImpl/"
[18:04:20] [Server thread/TRACE] [REI] [REICommonPlugin END] Reloading Section: "end-reload/ItemComparatorRegistryImpl/" done in 19.93 μs
[18:04:20] [Server thread/TRACE] [REI] [REICommonPlugin END] Reloading Section: "end-reload/FluidComparatorRegistryImpl/"
[18:04:20] [Server thread/TRACE] [REI] [REICommonPlugin END] Reloading Section: "end-reload/FluidComparatorRegistryImpl/" done in 19.02 μs
[18:04:20] [Server thread/TRACE] [REI] [REICommonPlugin END] Reloading Section: "end-reload/DisplaySerializerRegistryImpl/"
[18:04:20] [Server thread/TRACE] [REI] [REICommonPlugin END] Reloading Section: "end-reload/DisplaySerializerRegistryImpl/" done in 18.87 μs
[18:04:20] [Server thread/TRACE] [REI] [REICommonPlugin END] Reloading Section: "end-reload/ServerDisplayRegistryImpl/"
[18:04:20] [Server thread/DEBUG] [REI] Found preliminary 11 displays
[18:04:20] [Server thread/DEBUG] [REI] Filled 3608 displays from recipe manager in 94.38 ms
[18:04:20] [Server thread/TRACE] [REI] [REICommonPlugin END] Reloading Section: "end-reload/ServerDisplayRegistryImpl/" done in 94.58 ms
[18:04:20] [Server thread/TRACE] [REI] [REICommonPlugin END] Reloading Section: "end-reload/FluidSupportProviderImpl/"
[18:04:20] [Server thread/TRACE] [REI] [REICommonPlugin END] Reloading Section: "end-reload/FluidSupportProviderImpl/" done in 37.22 μs
[18:04:20] [Server thread/TRACE] [REI] [REICommonPlugin END] Reloading Section: "end-reload/" done in 95.23 ms
[18:04:20] [Server thread/DEBUG] [REI] ========================================
[18:04:20] [Server thread/DEBUG] [REI] REICommonPlugin ended main-reload for END in 110.8 ms.
[18:04:20] [Server thread/DEBUG] [REI] ========================================
[18:04:20] [Server thread/DEBUG] [REI] ========================================
[18:04:20] [Server thread/DEBUG] [REI] REICommonPlugin starting post-reload for END.
[18:04:20] [Server thread/DEBUG] [REI] Reloadables (8):
[18:04:20] [Server thread/DEBUG] [REI]  - SlotAccessorRegistryImpl
[18:04:20] [Server thread/DEBUG] [REI]  - EntryTypeRegistryImpl
[18:04:20] [Server thread/DEBUG] [REI]  - EntrySettingsAdapterRegistryImpl
[18:04:20] [Server thread/DEBUG] [REI]  - ItemComparatorRegistryImpl
[18:04:20] [Server thread/DEBUG] [REI]  - FluidComparatorRegistryImpl
[18:04:20] [Server thread/DEBUG] [REI]  - DisplaySerializerRegistryImpl
[18:04:20] [Server thread/DEBUG] [REI]  - ServerDisplayRegistryImpl
[18:04:20] [Server thread/DEBUG] [REI]  - FluidSupportProviderImpl
[18:04:20] [Server thread/DEBUG] [REI] Plugins (4):
[18:04:20] [Server thread/DEBUG] [REI]  - (-100.00) DefaultPlugin of DefaultPlugin [roughlyenoughitems]
[18:04:20] [Server thread/DEBUG] [REI]  - (0.00) FabricFluidAPISupportPlugin
[18:04:20] [Server thread/DEBUG] [REI]  - (0.00) DefaultRuntimePlugin of DefaultRuntimePlugin [roughlyenoughitems]
[18:04:20] [Server thread/DEBUG] [REI]  - (0.00) CommonREIPlugin of CommonREIPlugin [farmersdelight]
[18:04:20] [Server thread/DEBUG] [REI] ========================================
[18:04:20] [Server thread/TRACE] [REI] [REICommonPlugin END] Reloading Section: "post-register/"
[18:04:20] [Server thread/TRACE] [REI] [REICommonPlugin END] Reloading Section: "post-register/DefaultPlugin of DefaultPlugin [roughlyenoughitems]/"
[18:04:20] [Server thread/TRACE] [REI] [REICommonPlugin END] Reloading Section: "post-register/DefaultPlugin of DefaultPlugin [roughlyenoughitems]/" done in 31.49 μs
[18:04:20] [Server thread/TRACE] [REI] [REICommonPlugin END] Reloading Section: "post-register/FabricFluidAPISupportPlugin/"
[18:04:20] [Server thread/TRACE] [REI] [REICommonPlugin END] Reloading Section: "post-register/FabricFluidAPISupportPlugin/" done in 25.98 μs
[18:04:20] [Server thread/TRACE] [REI] [REICommonPlugin END] Reloading Section: "post-register/DefaultRuntimePlugin of DefaultRuntimePlugin [roughlyenoughitems]/"
[18:04:20] [Server thread/TRACE] [REI] [REICommonPlugin END] Reloading Section: "post-register/DefaultRuntimePlugin of DefaultRuntimePlugin [roughlyenoughitems]/" done in 23.78 μs
[18:04:20] [Server thread/TRACE] [REI] [REICommonPlugin END] Reloading Section: "post-register/CommonREIPlugin of CommonREIPlugin [farmersdelight]/"
[18:04:20] [Server thread/TRACE] [REI] [REICommonPlugin END] Reloading Section: "post-register/CommonREIPlugin of CommonREIPlugin [farmersdelight]/" done in 24.73 μs
[18:04:20] [Server thread/TRACE] [REI] [REICommonPlugin END] Reloading Section: "post-register/" done in 373.0 μs
[18:04:20] [Server thread/TRACE] [REI] [REICommonPlugin END] Reloading Section: "post-stage/"
[18:04:20] [Server thread/TRACE] [REI] [REICommonPlugin END] Reloading Section: "post-stage/SlotAccessorRegistryImpl/"
[18:04:20] [Server thread/TRACE] [REI] [REICommonPlugin END] Reloading Section: "post-stage/SlotAccessorRegistryImpl/" done in 19.69 μs
[18:04:20] [Server thread/TRACE] [REI] [REICommonPlugin END] Reloading Section: "post-stage/EntryTypeRegistryImpl/"
[18:04:20] [Server thread/TRACE] [REI] [REICommonPlugin END] Reloading Section: "post-stage/EntryTypeRegistryImpl/" done in 15.66 μs
[18:04:20] [Server thread/TRACE] [REI] [REICommonPlugin END] Reloading Section: "post-stage/EntrySettingsAdapterRegistryImpl/"
[18:04:20] [Server thread/TRACE] [REI] [REICommonPlugin END] Reloading Section: "post-stage/EntrySettingsAdapterRegistryImpl/" done in 16.57 μs
[18:04:20] [Server thread/TRACE] [REI] [REICommonPlugin END] Reloading Section: "post-stage/ItemComparatorRegistryImpl/"
[18:04:20] [Server thread/TRACE] [REI] [REICommonPlugin END] Reloading Section: "post-stage/ItemComparatorRegistryImpl/" done in 29.08 μs
[18:04:20] [Server thread/TRACE] [REI] [REICommonPlugin END] Reloading Section: "post-stage/FluidComparatorRegistryImpl/"
[18:04:20] [Server thread/TRACE] [REI] [REICommonPlugin END] Reloading Section: "post-stage/FluidComparatorRegistryImpl/" done in 18.24 μs
[18:04:20] [Server thread/TRACE] [REI] [REICommonPlugin END] Reloading Section: "post-stage/DisplaySerializerRegistryImpl/"
[18:04:20] [Server thread/TRACE] [REI] [REICommonPlugin END] Reloading Section: "post-stage/DisplaySerializerRegistryImpl/" done in 14.92 μs
[18:04:20] [Server thread/TRACE] [REI] [REICommonPlugin END] Reloading Section: "post-stage/ServerDisplayRegistryImpl/"
[18:04:20] [Server thread/TRACE] [REI] [REICommonPlugin END] Reloading Section: "post-stage/ServerDisplayRegistryImpl/" done in 15.19 μs
[18:04:20] [Server thread/TRACE] [REI] [REICommonPlugin END] Reloading Section: "post-stage/FluidSupportProviderImpl/"
[18:04:20] [Server thread/TRACE] [REI] [REICommonPlugin END] Reloading Section: "post-stage/FluidSupportProviderImpl/" done in 16.89 μs
[18:04:20] [Server thread/TRACE] [REI] [REICommonPlugin END] Reloading Section: "post-stage/" done in 504.0 μs
[18:04:20] [Server thread/DEBUG] [REI] ========================================
[18:04:20] [Server thread/INFO] [REI] REICommonPlugin finished post-reload for END in 952.2 μs, totaling 113.3 ms.
[18:04:20] [Server thread/DEBUG] [REI] ========================================
[18:04:20] [Server thread/DEBUG] [REI] Updating players with new displays version 5EC648A000000001 [from 5EC648A000000000]
[18:04:57] [Server thread/DEBUG] [REI] Player Levi has outdated displays version 0 [latest version: 5EC648A000000001]
[18:04:57] [Server thread/DEBUG] [REI] Player Levi has outdated displays version 0 [latest version: 5EC648A000000001], sending reset packet request.
[18:04:57] [Server thread/DEBUG] [REI] Failed to encode display: vectorwing.farmersdelight.integration.rei.display.DecompositionDisplay@475aeff4
java.lang.IllegalStateException: Can't encode 'vectorwing.farmersdelight.integration.rei.display.DecompositionDisplay@475aeff4', expected 'vectorwing.farmersdelight.integration.rei.display.DecompositionDisplay@1409e9a8'
	at knot//net.minecraft.class_9139$10.encode(class_9139.java:60)
	at knot//net.minecraft.class_9139$13.encode(class_9139.java:120)
	at knot//me.shedaniel.rei.impl.common.networking.DisplaySyncPacket$1.encode(DisplaySyncPacket.java:60)
	at knot//me.shedaniel.rei.impl.common.networking.DisplaySyncPacket$1.encode(DisplaySyncPacket.java:55)
	at knot//net.minecraft.class_9135$15.method_56418(class_9135.java:424)
	at knot//net.minecraft.class_9135$15.encode(class_9135.java:409)
	at knot//net.minecraft.class_9139$11.encode(class_9139.java:84)
	at knot//net.minecraft.class_9139$16.encode(class_9139.java:183)
	at knot//dev.architectury.impl.NetworkAggregator.collectPackets(NetworkAggregator.java:146)
	at knot//dev.architectury.networking.NetworkManager.collectPackets(NetworkManager.java:137)
	at knot//me.shedaniel.rei.impl.common.registry.displays.ServerDisplayRegistryImpl.getResetPackets(ServerDisplayRegistryImpl.java:146)
	at knot//me.shedaniel.rei.impl.common.registry.displays.ServerDisplayRegistryImpl.lambda$updatePlayers$6(ServerDisplayRegistryImpl.java:100)
	at knot//com.google.common.base.Suppliers$NonSerializableMemoizingSupplier.get(Suppliers.java:200)
	at knot//me.shedaniel.rei.impl.common.registry.displays.ServerDisplayRegistryImpl.updatePlayers(ServerDisplayRegistryImpl.java:115)
	at knot//me.shedaniel.rei.impl.common.registry.displays.ServerDisplayRegistryImpl.lambda$new$3(ServerDisplayRegistryImpl.java:87)
	at knot//dev.architectury.event.fabric.EventHandlerImpl.lambda$registerCommon$14(EventHandlerImpl.java:72)
	at knot//net.fabricmc.fabric.api.event.lifecycle.v1.ServerTickEvents.lambda$static$2(ServerTickEvents.java:55)
	at knot//net.minecraft.server.MinecraftServer.handler$zok000$fabric-lifecycle-events-v1$onEndTick(MinecraftServer.java:4717)
	at knot//net.minecraft.server.MinecraftServer.method_3748(MinecraftServer.java:970)
	at knot//net.minecraft.server.MinecraftServer.method_29741(MinecraftServer.java:706)
	at knot//net.minecraft.server.MinecraftServer.method_29739(MinecraftServer.java:290)
	at java.base/java.lang.Thread.run(Thread.java:1583)
